#
# There is insufficient memory for the Java Runtime Environment to continue.
# Native memory allocation (mmap) failed to map 268435456 bytes for G1 virtual space
# Possible reasons:
#   The system is out of physical RAM or swap space
#   The process is running with CompressedOops enabled, and the Java Heap may be blocking the growth of the native heap
# Possible solutions:
#   Reduce memory load on the system
#   Increase physical memory or swap space
#   Check if swap backing store is full
#   Decrease Java heap size (-Xmx/-Xms)
#   Decrease number of Java threads
#   Decrease Java thread stack sizes (-Xss)
#   Set larger code cache with -XX:ReservedCodeCacheSize=
#   JVM is running with Unscaled Compressed Oops mode in which the Java heap is
#     placed in the first 4GB address space. The Java Heap base address is the
#     maximum limit for the native heap growth. Please use -XX:HeapBaseMinAddress
#     to set the Java Heap base and to place the Java Heap above 4GB virtual address.
# This output file may be truncated or incomplete.
#
#  Out of Memory Error (os_windows.cpp:3825), pid=7724, tid=10844
#
# JRE version:  (17.0.9+7) (build )
# Java VM: OpenJDK 64-Bit Server VM (17.0.9+7-b1087.11, mixed mode, sharing, tiered, compressed oops, compressed class ptrs, g1 gc, windows-amd64)
# No core dump will be written. Minidumps are not enabled by default on client versions of Windows
#

---------------  S U M M A R Y ------------

Command Line: -Djava.rmi.server.hostname=127.0.0.1 -Duser.timezone=UTC -Xmx2048m -Xms256m -Djdbc.classpath=C:\Program Files\JetBrains\PyCharm 2023.3.3\plugins\DatabaseTools\lib\jdbc-console.jar;C:\Users\jarrettplate\AppData\Roaming\JetBrains\PyCharm2023.3\jdbc-drivers\MySQL ConnectorJ\8.2.0\com\mysql\mysql-connector-j\8.2.0\mysql-connector-j-8.2.0.jar;C:\Users\jarrettplate\AppData\Roaming\JetBrains\PyCharm2023.3\jdbc-drivers\MySQL ConnectorJ\8.2.0\com\google\protobuf\protobuf-java\3.21.9\protobuf-java-3.21.9.jar --add-exports=java.desktop/sun.awt=ALL-UNNAMED --add-exports=java.desktop/java.awt.peer=ALL-UNNAMED --add-opens=java.desktop/java.awt=ALL-UNNAMED --add-opens=jdk.unsupported/sun.misc=ALL-UNNAMED --add-opens=java.base/java.nio=ALL-UNNAMED --add-opens=java.base/java.util=ALL-UNNAMED -Dfile.encoding=UTF-8 com.intellij.database.remote.RemoteJdbcServer com.mysql.cj.jdbc.Driver

Host: Apple Silicon, 4 cores, 2G,  Windows 11 , 64 bit Build 22621 (10.0.22621.3527)
Time: Mon Jun  3 14:44:37 2024 SA Pacific Standard Time elapsed time: 0.041087 seconds (0d 0h 0m 0s)

---------------  T H R E A D  ---------------

Current thread (0x000001c63a71d880):  JavaThread "Unknown thread" [_thread_in_vm, id=10844, stack(0x000000b90fe00000,0x000000b90ff00000)]

Stack: [0x000000b90fe00000,0x000000b90ff00000]
Native frames: (J=compiled Java code, j=interpreted, Vv=VM code, C=native code)
V  [jvm.dll+0x688349]
V  [jvm.dll+0x841bfa]
V  [jvm.dll+0x84383e]
V  [jvm.dll+0x843ea3]
V  [jvm.dll+0x24bdef]
V  [jvm.dll+0x6850f9]
V  [jvm.dll+0x67988a]
V  [jvm.dll+0x30cbfb]
V  [jvm.dll+0x3140a6]
V  [jvm.dll+0x363ede]
V  [jvm.dll+0x36410f]
V  [jvm.dll+0x2e29c8]
V  [jvm.dll+0x2e3934]
V  [jvm.dll+0x812771]
V  [jvm.dll+0x371d41]
V  [jvm.dll+0x7f12bc]
V  [jvm.dll+0x3f59cf]
V  [jvm.dll+0x3f7601]
C  [jli.dll+0x528f]
C  [ucrtbase.dll+0x171e3c]


---------------  P R O C E S S  ---------------

Threads class SMR info:
_java_thread_list=0x00007ff85084df18, length=0, elements={
}

Java Threads: ( => current thread )

Other Threads:
  0x000001c63a778860 GCTaskThread "GC Thread#0" [stack: 0x000000b90ff00000,0x000000b910000000] [id=10408]
  0x000001c63a7897b0 ConcurrentGCThread "G1 Main Marker" [stack: 0x000000b910000000,0x000000b910100000] [id=7804]
  0x000001c63a78a1d0 ConcurrentGCThread "G1 Conc#0" [stack: 0x000000b910100000,0x000000b910200000] [id=11936]

[error occurred during error reporting (printing all threads), id 0xc0000005, EXCEPTION_ACCESS_VIOLATION (0xc0000005) at pc=0x00007ff850003597]

VM state: not at safepoint (not fully initialized)

VM Mutex/Monitor currently owned by a thread:  ([mutex/lock_event])
[0x000001c63a719f10] Heap_lock - owner thread: 0x000001c63a71d880

Heap address: 0x0000000080000000, size: 2048 MB, Compressed Oops mode: 32-bit

CDS archive(s) mapped at: [0x0000000000000000-0x0000000000000000-0x0000000000000000), size 0, SharedBaseAddress: 0x0000000800000000, ArchiveRelocationMode: 1.
Narrow klass base: 0x0000000000000000, Narrow klass shift: 0, Narrow klass range: 0x0

GC Precious Log:
<Empty>

Heap:
 garbage-first heap   total 0K, used 0K [0x0000000080000000, 0x0000000100000000)
  region size 1024K, 0 young (0K), 0 survivors (0K)
 Metaspace       used 0K, committed 0K, reserved 0K
  class space    used 0K, committed 0K, reserved 0K

Heap Regions: E=young(eden), S=young(survivor), O=old, HS=humongous(starts), HC=humongous(continues), CS=collection set, F=free, OA=open archive, CA=closed archive, TAMS=top-at-mark-start (previous, next)

Card table byte_map: [0x000001c64d250000,0x000001c64d650000] _byte_map_base: 0x000001c64ce50000

Marking Bits (Prev, Next): (CMBitMap*) 0x000001c63a778e80, (CMBitMap*) 0x000001c63a778ec0
 Prev Bits: [0x000001c64da50000, 0x000001c64fa50000)
 Next Bits: [0x000001c64fa50000, 0x000001c651a50000)

GC Heap History (0 events):
No events

Dll operation events (1 events):
Event: 0.014 Loaded shared library C:\Program Files\JetBrains\PyCharm 2023.3.3\jbr\bin\java.dll

Deoptimization events (0 events):
No events

Classes unloaded (0 events):
No events

Classes redefined (0 events):
No events

Internal exceptions (0 events):
No events

VM Operations (0 events):
No events

Events (0 events):
No events


Dynamic libraries:
0x00007ff627780000 - 0x00007ff62778a000 	C:\Program Files\JetBrains\PyCharm 2023.3.3\jbr\bin\java.exe
0x00007ff898a60000 - 0x00007ff898e65000 	C:\Windows\SYSTEM32\ntdll.dll
0x00007ff898470000 - 0x00007ff89856e000 	C:\Windows\System32\xtajit64.dll
0x00007ff897600000 - 0x00007ff897763000 	C:\Windows\System32\KERNEL32.DLL
0x00007ff894050000 - 0x00007ff894693000 	C:\Windows\System32\KERNELBASE.dll
0x00007ff8939e0000 - 0x00007ff893ad6000 	C:\Windows\SYSTEM32\apphelp.dll
0x00007ff894930000 - 0x00007ff894b23000 	C:\Windows\System32\ucrtbase.dll
0x00007ff88ae00000 - 0x00007ff88ae17000 	C:\Program Files\JetBrains\PyCharm 2023.3.3\jbr\bin\jli.dll
0x00007ff8980c0000 - 0x00007ff898324000 	C:\Windows\System32\USER32.dll
0x00007ff893ff0000 - 0x00007ff89404c000 	C:\Windows\System32\win32u.dll
0x00007ff88acc0000 - 0x00007ff88acdb000 	C:\Program Files\JetBrains\PyCharm 2023.3.3\jbr\bin\VCRUNTIME140.dll
0x00007ff895510000 - 0x00007ff89556c000 	C:\Windows\System32\GDI32.dll
0x00007ff894c50000 - 0x00007ff894e3f000 	C:\Windows\System32\gdi32full.dll
0x00007ff8946a0000 - 0x00007ff8947e3000 	C:\Windows\System32\msvcp_win.dll
0x00007ff87aed0000 - 0x00007ff87b34a000 	C:\Windows\WinSxS\arm64_microsoft.windows.common-controls_6595b64144ccf1df_6.0.22621.3527_none_270e45f973872bba\COMCTL32.dll
0x00007ff897460000 - 0x00007ff8975a4000 	C:\Windows\System32\msvcrt.dll
0x00007ff8953e0000 - 0x00007ff895432000 	C:\Windows\System32\IMM32.DLL
0x00007ff88e810000 - 0x00007ff88e81c000 	C:\Program Files\JetBrains\PyCharm 2023.3.3\jbr\bin\vcruntime140_1.dll
0x00007ff8892a0000 - 0x00007ff88932d000 	C:\Program Files\JetBrains\PyCharm 2023.3.3\jbr\bin\msvcp140.dll
0x00007ff84fd10000 - 0x00007ff850992000 	C:\Program Files\JetBrains\PyCharm 2023.3.3\jbr\bin\server\jvm.dll
0x00007ff898330000 - 0x00007ff89846d000 	C:\Windows\System32\ADVAPI32.dll
0x00007ff896a50000 - 0x00007ff896b7f000 	C:\Windows\System32\sechost.dll
0x00007ff894c00000 - 0x00007ff894c4b000 	C:\Windows\System32\bcrypt.dll
0x00007ff897cd0000 - 0x00007ff897eef000 	C:\Windows\System32\RPCRT4.dll
0x00007ff893be0000 - 0x00007ff893c4b000 	C:\Windows\SYSTEM32\POWRPROF.dll
0x00007ff88e7f0000 - 0x00007ff88e802000 	C:\Windows\SYSTEM32\WSOCK32.dll
0x00007ff895100000 - 0x00007ff8951c4000 	C:\Windows\System32\WS2_32.dll
0x00007ff888e20000 - 0x00007ff888e7e000 	C:\Windows\SYSTEM32\WINMM.dll
0x00007ff87fba0000 - 0x00007ff87fbb5000 	C:\Windows\SYSTEM32\VERSION.dll
0x00007ff893bb0000 - 0x00007ff893bd2000 	C:\Windows\SYSTEM32\UMPDC.dll
0x00007ff892230000 - 0x00007ff89225d000 	C:\Windows\SYSTEM32\kernel.appcore.dll
0x00007ff88d4b0000 - 0x00007ff88d4ba000 	C:\Program Files\JetBrains\PyCharm 2023.3.3\jbr\bin\jimage.dll
0x00007ff87f780000 - 0x00007ff87fb9f000 	C:\Windows\SYSTEM32\DBGHELP.DLL
0x00007ff896dc0000 - 0x00007ff89745f000 	C:\Windows\System32\combase.dll
0x00007ff896c10000 - 0x00007ff896db1000 	C:\Windows\System32\OLEAUT32.dll
0x00007ff87ebb0000 - 0x00007ff87ec0c000 	C:\Windows\SYSTEM32\dbgcore.DLL
0x00007ff894b30000 - 0x00007ff894bf8000 	C:\Windows\System32\bcryptPrimitives.dll
0x00007ff88b490000 - 0x00007ff88b4b5000 	C:\Program Files\JetBrains\PyCharm 2023.3.3\jbr\bin\java.dll

dbghelp: loaded successfully - version: 4.0.5 - missing functions: none
symbol engine: initialized successfully - sym options: 0x614 - pdb path: .;C:\Program Files\JetBrains\PyCharm 2023.3.3\jbr\bin;C:\Windows\SYSTEM32;C:\Windows\WinSxS\arm64_microsoft.windows.common-controls_6595b64144ccf1df_6.0.22621.3527_none_270e45f973872bba;C:\Program Files\JetBrains\PyCharm 2023.3.3\jbr\bin\server

VM Arguments:
jvm_args: -Djava.rmi.server.hostname=127.0.0.1 -Duser.timezone=UTC -Xmx2048m -Xms256m -Djdbc.classpath=C:\Program Files\JetBrains\PyCharm 2023.3.3\plugins\DatabaseTools\lib\jdbc-console.jar;C:\Users\jarrettplate\AppData\Roaming\JetBrains\PyCharm2023.3\jdbc-drivers\MySQL ConnectorJ\8.2.0\com\mysql\mysql-connector-j\8.2.0\mysql-connector-j-8.2.0.jar;C:\Users\jarrettplate\AppData\Roaming\JetBrains\PyCharm2023.3\jdbc-drivers\MySQL ConnectorJ\8.2.0\com\google\protobuf\protobuf-java\3.21.9\protobuf-java-3.21.9.jar --add-exports=java.desktop/sun.awt=ALL-UNNAMED --add-exports=java.desktop/java.awt.peer=ALL-UNNAMED --add-opens=java.desktop/java.awt=ALL-UNNAMED --add-opens=jdk.unsupported/sun.misc=ALL-UNNAMED --add-opens=java.base/java.nio=ALL-UNNAMED --add-opens=java.base/java.util=ALL-UNNAMED -Dfile.encoding=UTF-8 
java_command: com.intellij.database.remote.RemoteJdbcServer com.mysql.cj.jdbc.Driver
java_class_path (initial): C:\Program Files\JetBrains\PyCharm 2023.3.3\lib\util_rt.jar;C:\Program Files\JetBrains\PyCharm 2023.3.3\lib\util-8.jar;C:\Program Files\JetBrains\PyCharm 2023.3.3\lib\groovy.jar;C:\Program Files\JetBrains\PyCharm 2023.3.3\plugins\DatabaseTools\lib\jdbc-console.jar;C:\Program Files\JetBrains\PyCharm 2023.3.3\plugins\grid-core-impl\lib\jdbc-console-types.jar;C:\Program Files\JetBrains\PyCharm 2023.3.3\lib\util.jar
Launcher Type: SUN_STANDARD

[Global flags]
     intx CICompilerCount                          = 3                                         {product} {ergonomic}
     uint ConcGCThreads                            = 1                                         {product} {ergonomic}
     uint G1ConcRefinementThreads                  = 4                                         {product} {ergonomic}
   size_t G1HeapRegionSize                         = 1048576                                   {product} {ergonomic}
    uintx GCDrainStackTargetSize                   = 64                                        {product} {ergonomic}
   size_t InitialHeapSize                          = 268435456                                 {product} {command line}
   size_t MarkStackSize                            = 4194304                                   {product} {ergonomic}
   size_t MaxHeapSize                              = 2147483648                                {product} {command line}
   size_t MinHeapDeltaBytes                        = 1048576                                   {product} {ergonomic}
   size_t MinHeapSize                              = 268435456                                 {product} {command line}
    uintx NonNMethodCodeHeapSize                   = 5832780                                {pd product} {ergonomic}
    uintx NonProfiledCodeHeapSize                  = 122912730                              {pd product} {ergonomic}
    uintx ProfiledCodeHeapSize                     = 122912730                              {pd product} {ergonomic}
    uintx ReservedCodeCacheSize                    = 251658240                              {pd product} {ergonomic}
     bool SegmentedCodeCache                       = true                                      {product} {ergonomic}
   size_t SoftMaxHeapSize                          = 2147483648                             {manageable} {ergonomic}
     bool UseCompressedClassPointers               = true                           {product lp64_product} {ergonomic}
     bool UseCompressedOops                        = true                           {product lp64_product} {ergonomic}
     bool UseG1GC                                  = true                                      {product} {ergonomic}
     bool UseLargePagesIndividualAllocation        = false                                  {pd product} {ergonomic}

Logging:
Log output configuration:
 #0: stdout all=warning uptime,level,tags
 #1: stderr all=off uptime,level,tags

Environment Variables:
PATH=C:\Program Files\Parallels\Parallels Tools\Applications;C:\Windows\system32;C:\Windows;C:\Windows\System32\Wbem;C:\Windows\System32\WindowsPowerShell\v1.0\;C:\Windows\System32\OpenSSH\;C:\Program Files\Microsoft SQL Server\150\Tools\Binn\;C:\Program Files\Microsoft SQL Server\Client SDK\ODBC\170\Tools\Binn\;C:\Program Files\dotnet\;C:\Program Files\Git\cmd;C:\Program Files\nodejs\;C:\Users\jarrettplate\AppData\Local\Programs\Python\Python312\Scripts\;C:\Users\jarrettplate\AppData\Local\Programs\Python\Python312\;C:\Users\jarrettplate\AppData\Local\Programs\Python\Launcher\;C:\Users\jarrettplate\AppData\Local\Microsoft\WindowsApps;C:\Users\jarrettplate\.dotnet\tools;C:\Users\jarrettplate\AppData\Local\GitHubDesktop\bin;C:\Program Files\JetBrains\PyCharm 2023.3.3\bin;;C:\Program Files\JetBrains\JetBrains Rider 2023.3.3\bin;;C:\Users\jarrettplate\AppData\Local\Programs\Microsoft VS Code\bin;C:\Users\jarrettplate\AppData\Roaming\npm;C:\Program Files\JetBrains\DataGrip 2023.3.4\bin;
USERNAME=jarrettplate
OS=Windows_NT
PROCESSOR_IDENTIFIER=ARMv8 (64-bit) Family 8 Model 0 Revision   0,  
TMP=C:\Users\JARRET~1\AppData\Local\Temp
TEMP=C:\Users\JARRET~1\AppData\Local\Temp



Periodic native trim disabled

JNI global refs:
JNI global refs: 0, weak refs: 0

JNI global refs memory usage: 0, weak refs: 0

OOME stack traces (most recent first):
Classloader memory used:


---------------  S Y S T E M  ---------------

OS:
 Windows 11 , 64 bit Build 22621 (10.0.22621.3527)
OS uptime: 0 days 6:04 hours

CPU: total 4 (initial active 4) (4 cores per cpu, 1 threads per core) family 15 model 4 stepping 10 microcode 0x0, cx8, cmov, fxsr, mmx, 3dnowpref, sse, sse2, sse3, ssse3, sse4.1, sse4.2, popcnt, tsc, tscinvbit, aes, clmul, clflush
Processor Information for all 4 processors :
  Max Mhz: 3200, Current Mhz: 3200, Mhz Limit: 3200

Memory: 4k page, system-wide physical 3066M (154M free)
TotalPageFile size 12282M (AvailPageFile size 188M)
current process WorkingSet (physical memory assigned to process): 22M, peak: 22M
current process commit charge ("private bytes"): 58M, peak: 314M

vm_info: OpenJDK 64-Bit Server VM (17.0.9+7-b1087.11) for windows-amd64 JRE (17.0.9+7-b1087.11), built on 2024-01-05 by "builduser" with MS VC++ 16.10 / 16.11 (VS2019)

END.
