#
# There is insufficient memory for the Java Runtime Environment to continue.
# Native memory allocation (malloc) failed to allocate 814736 bytes for Chunk::new
# Possible reasons:
#   The system is out of physical RAM or swap space
#   The process is running with CompressedOops enabled, and the Java Heap may be blocking the growth of the native heap
# Possible solutions:
#   Reduce memory load on the system
#   Increase physical memory or swap space
#   Check if swap backing store is full
#   Decrease Java heap size (-Xmx/-Xms)
#   Decrease number of Java threads
#   Decrease Java thread stack sizes (-Xss)
#   Set larger code cache with -XX:ReservedCodeCacheSize=
#   JVM is running with Unscaled Compressed Oops mode in which the Java heap is
#     placed in the first 4GB address space. The Java Heap base address is the
#     maximum limit for the native heap growth. Please use -XX:HeapBaseMinAddress
#     to set the Java Heap base and to place the Java Heap above 4GB virtual address.
# This output file may be truncated or incomplete.
#
#  Out of Memory Error (arena.cpp:191), pid=12072, tid=6528
#
# JRE version: OpenJDK Runtime Environment JBR-17.0.9+7-1087.11-jcef (17.0.9+7) (build 17.0.9+7-b1087.11)
# Java VM: OpenJDK 64-Bit Server VM JBR-17.0.9+7-1087.11-jcef (17.0.9+7-b1087.11, mixed mode, tiered, compressed oops, compressed class ptrs, g1 gc, windows-amd64)
# No core dump will be written. Minidumps are not enabled by default on client versions of Windows
#

---------------  S U M M A R Y ------------

Command Line: -Djava.rmi.server.hostname=127.0.0.1 -Duser.timezone=UTC -Xmx2048m -Xms256m -Djdbc.classpath=C:\Program Files\JetBrains\PyCharm 2023.3.3\plugins\DatabaseTools\lib\jdbc-console.jar;C:\Users\jarrettplate\AppData\Roaming\JetBrains\PyCharm2023.3\jdbc-drivers\MySQL ConnectorJ\8.2.0\com\mysql\mysql-connector-j\8.2.0\mysql-connector-j-8.2.0.jar;C:\Users\jarrettplate\AppData\Roaming\JetBrains\PyCharm2023.3\jdbc-drivers\MySQL ConnectorJ\8.2.0\com\google\protobuf\protobuf-java\3.21.9\protobuf-java-3.21.9.jar --add-exports=java.desktop/sun.awt=ALL-UNNAMED --add-exports=java.desktop/java.awt.peer=ALL-UNNAMED --add-opens=java.desktop/java.awt=ALL-UNNAMED --add-opens=jdk.unsupported/sun.misc=ALL-UNNAMED --add-opens=java.base/java.nio=ALL-UNNAMED --add-opens=java.base/java.util=ALL-UNNAMED -Dfile.encoding=UTF-8 com.intellij.database.remote.RemoteJdbcServer com.mysql.cj.jdbc.Driver

Host: Apple Silicon, 4 cores, 2G,  Windows 11 , 64 bit Build 22621 (10.0.22621.3527)
Time: Mon Jun  3 15:23:42 2024 SA Pacific Standard Time elapsed time: 16.471376 seconds (0d 0h 0m 16s)

---------------  T H R E A D  ---------------

Current thread (0x0000023d9d137210):  JavaThread "C2 CompilerThread0" daemon [_thread_in_native, id=6528, stack(0x000000c8afa00000,0x000000c8afb00000)]


Current CompileTask:
C2:  16473 1923       4       jdk.internal.org.objectweb.asm.Frame::execute (2305 bytes)

Stack: [0x000000c8afa00000,0x000000c8afb00000]
Native frames: (J=compiled Java code, j=interpreted, Vv=VM code, C=native code)
V  [jvm.dll+0x688349]
V  [jvm.dll+0x841bfa]
V  [jvm.dll+0x84383e]
V  [jvm.dll+0x843ea3]
V  [jvm.dll+0x24bdef]
V  [jvm.dll+0xac44c]
V  [jvm.dll+0xaca9c]
V  [jvm.dll+0x2b33ef]
V  [jvm.dll+0x590407]
V  [jvm.dll+0x226412]
V  [jvm.dll+0x21f60e]
V  [jvm.dll+0x21cd71]
V  [jvm.dll+0x1a66dd]
V  [jvm.dll+0x22cd28]
V  [jvm.dll+0x22ae60]
V  [jvm.dll+0x7f6087]
V  [jvm.dll+0x7f043a]
V  [jvm.dll+0x6871c5]
C  [ucrtbase.dll+0x171e3c]


---------------  P R O C E S S  ---------------

Threads class SMR info:
_java_thread_list=0x0000023da237ad30, length=23, elements={
0x0000023d836a3950, 0x0000023d9d0eb220, 0x0000023d9d0ec320, 0x0000023d9d1344d0,
0x0000023d9d134fa0, 0x0000023d9d135b60, 0x0000023d9d136520, 0x0000023d9d137210,
0x0000023d9d144130, 0x0000023d9d1a45a0, 0x0000023d9d2e2010, 0x0000023d9d2e24f0,
0x0000023d9d35ef90, 0x0000023d9d407580, 0x0000023d9d408d80, 0x0000023da21a6e70,
0x0000023da23635e0, 0x0000023da2362bc0, 0x0000023da23630a0, 0x0000023da232efc0,
0x0000023da2331840, 0x0000023da232f4d0, 0x0000023da232e090
}

Java Threads: ( => current thread )
  0x0000023d836a3950 JavaThread "main" [_thread_blocked, id=696, stack(0x000000c8aed00000,0x000000c8aee00000)]
  0x0000023d9d0eb220 JavaThread "Reference Handler" daemon [_thread_blocked, id=10572, stack(0x000000c8af400000,0x000000c8af500000)]
  0x0000023d9d0ec320 JavaThread "Finalizer" daemon [_thread_blocked, id=4516, stack(0x000000c8af500000,0x000000c8af600000)]
  0x0000023d9d1344d0 JavaThread "Signal Dispatcher" daemon [_thread_blocked, id=8364, stack(0x000000c8af600000,0x000000c8af700000)]
  0x0000023d9d134fa0 JavaThread "Attach Listener" daemon [_thread_blocked, id=8688, stack(0x000000c8af700000,0x000000c8af800000)]
  0x0000023d9d135b60 JavaThread "Service Thread" daemon [_thread_blocked, id=1840, stack(0x000000c8af800000,0x000000c8af900000)]
  0x0000023d9d136520 JavaThread "Monitor Deflation Thread" daemon [_thread_blocked, id=4480, stack(0x000000c8af900000,0x000000c8afa00000)]
=>0x0000023d9d137210 JavaThread "C2 CompilerThread0" daemon [_thread_in_native, id=6528, stack(0x000000c8afa00000,0x000000c8afb00000)]
  0x0000023d9d144130 JavaThread "C1 CompilerThread0" daemon [_thread_blocked, id=11420, stack(0x000000c8afb00000,0x000000c8afc00000)]
  0x0000023d9d1a45a0 JavaThread "Sweeper thread" daemon [_thread_blocked, id=10156, stack(0x000000c8afc00000,0x000000c8afd00000)]
  0x0000023d9d2e2010 JavaThread "Common-Cleaner" daemon [_thread_blocked, id=8100, stack(0x000000c8afd00000,0x000000c8afe00000)]
  0x0000023d9d2e24f0 JavaThread "Notification Thread" daemon [_thread_blocked, id=9520, stack(0x000000c8afe00000,0x000000c8aff00000)]
  0x0000023d9d35ef90 JavaThread "mysql-cj-abandoned-connection-cleanup" daemon [_thread_blocked, id=7444, stack(0x000000c8b0000000,0x000000c8b0100000)]
  0x0000023d9d407580 JavaThread "RMI TCP Accept-17214" daemon [_thread_in_native, id=2316, stack(0x000000c8b0100000,0x000000c8b0200000)]
  0x0000023d9d408d80 JavaThread "RMI TCP Accept-0" daemon [_thread_in_native, id=9752, stack(0x000000c8b0200000,0x000000c8b0300000)]
  0x0000023da21a6e70 JavaThread "RMI Reaper" [_thread_blocked, id=3456, stack(0x000000c8b0300000,0x000000c8b0400000)]
  0x0000023da23635e0 JavaThread "RMI GC Daemon" daemon [_thread_blocked, id=7548, stack(0x000000c8b0400000,0x000000c8b0500000)]
  0x0000023da2362bc0 JavaThread "RMI TCP Connection(2)-127.0.0.1" daemon [_thread_in_native, id=7924, stack(0x000000c8b0500000,0x000000c8b0600000)]
  0x0000023da23630a0 JavaThread "RMI TCP Connection(1)-127.0.0.1" daemon [_thread_in_native, id=5308, stack(0x000000c8b0600000,0x000000c8b0700000)]
  0x0000023da232efc0 JavaThread "RMI Scheduler(0)" daemon [_thread_blocked, id=2680, stack(0x000000c8b0700000,0x000000c8b0800000)]
  0x0000023da2331840 JavaThread "RMI TCP Connection(3)-127.0.0.1" daemon [_thread_in_native, id=7420, stack(0x000000c8b0800000,0x000000c8b0900000)]
  0x0000023da232f4d0 JavaThread "RMI TCP Connection(4)-127.0.0.1" daemon [_thread_in_native, id=10460, stack(0x000000c8b0900000,0x000000c8b0a00000)]
  0x0000023da232e090 JavaThread "RMI RenewClean-[127.0.0.1:56274]" daemon [_thread_blocked, id=6424, stack(0x000000c8b0a00000,0x000000c8b0b00000)]

Other Threads:
  0x0000023d9ab6eb90 VMThread "VM Thread" [stack: 0x000000c8af300000,0x000000c8af400000] [id=10376]
  0x0000023d9d2e29d0 WatcherThread [stack: 0x000000c8aff00000,0x000000c8b0000000] [id=6564]
  0x0000023d9a9c19b0 GCTaskThread "GC Thread#0" [stack: 0x000000c8aee00000,0x000000c8aef00000] [id=8080]
  0x0000023da36ac820 GCTaskThread "GC Thread#1" [stack: 0x000000c8b0b00000,0x000000c8b0c00000] [id=6432]
  0x0000023da36acae0 GCTaskThread "GC Thread#2" [stack: 0x000000c8b0c00000,0x000000c8b0d00000] [id=10136]
  0x0000023da26867b0 GCTaskThread "GC Thread#3" [stack: 0x000000c8b0d00000,0x000000c8b0e00000] [id=992]
  0x0000023d836dd6d0 ConcurrentGCThread "G1 Main Marker" [stack: 0x000000c8aef00000,0x000000c8af000000] [id=4440]
  0x0000023d836de0f0 ConcurrentGCThread "G1 Conc#0" [stack: 0x000000c8af000000,0x000000c8af100000] [id=1704]
  0x0000023d9aa9fa70 ConcurrentGCThread "G1 Refine#0" [stack: 0x000000c8af100000,0x000000c8af200000] [id=10620]
  0x0000023da25ea880 ConcurrentGCThread "G1 Refine#1" [stack: 0x000000c8b0e00000,0x000000c8b0f00000] [id=10176]
  0x0000023d9aaa04a0 ConcurrentGCThread "G1 Service" [stack: 0x000000c8af200000,0x000000c8af300000] [id=5156]

Threads with active compile tasks:
C2 CompilerThread0    16517 1923       4       jdk.internal.org.objectweb.asm.Frame::execute (2305 bytes)

VM state: not at safepoint (normal execution)

VM Mutex/Monitor currently owned by a thread: None

Heap address: 0x0000000080000000, size: 2048 MB, Compressed Oops mode: 32-bit

CDS archive(s) not mapped
Compressed class space mapped at: 0x0000000100000000-0x0000000140000000, reserved size: 1073741824
Narrow klass base: 0x0000000000000000, Narrow klass shift: 3, Narrow klass range: 0x140000000

GC Precious Log:
 CPUs: 4 total, 4 available
 Memory: 3066M
 Large Page Support: Disabled
 NUMA Support: Disabled
 Compressed Oops: Enabled (32-bit)
 Heap Region Size: 1M
 Heap Min Capacity: 256M
 Heap Initial Capacity: 256M
 Heap Max Capacity: 2G
 Pre-touch: Disabled
 Parallel Workers: 4
 Concurrent Workers: 1
 Concurrent Refinement Workers: 4
 Periodic GC: Disabled

Heap:
 garbage-first heap   total 262144K, used 14895K [0x0000000080000000, 0x0000000100000000)
  region size 1024K, 10 young (10240K), 2 survivors (2048K)
 Metaspace       used 23539K, committed 23808K, reserved 1114112K
  class space    used 2507K, committed 2624K, reserved 1048576K

Heap Regions: E=young(eden), S=young(survivor), O=old, HS=humongous(starts), HC=humongous(continues), CS=collection set, F=free, OA=open archive, CA=closed archive, TAMS=top-at-mark-start (previous, next)
|   0|0x0000000080000000, 0x0000000080100000, 0x0000000080100000|100%|HS|  |TAMS 0x0000000080100000, 0x0000000080000000| Complete 
|   1|0x0000000080100000, 0x0000000080200000, 0x0000000080200000|100%|HC|  |TAMS 0x0000000080200000, 0x0000000080100000| Complete 
|   2|0x0000000080200000, 0x0000000080300000, 0x0000000080300000|100%| O|  |TAMS 0x0000000080300000, 0x0000000080200000| Untracked 
|   3|0x0000000080300000, 0x0000000080400000, 0x0000000080400000|100%| O|  |TAMS 0x0000000080391400, 0x0000000080300000| Untracked 
|   4|0x0000000080400000, 0x0000000080500000, 0x0000000080500000|100%| O|  |TAMS 0x0000000080400000, 0x0000000080400000| Untracked 
|   5|0x0000000080500000, 0x000000008058be00, 0x0000000080600000| 54%| O|  |TAMS 0x0000000080500000, 0x0000000080500000| Untracked 
|   6|0x0000000080600000, 0x0000000080600000, 0x0000000080700000|  0%| F|  |TAMS 0x0000000080600000, 0x0000000080600000| Untracked 
|   7|0x0000000080700000, 0x0000000080700000, 0x0000000080800000|  0%| F|  |TAMS 0x0000000080700000, 0x0000000080700000| Untracked 
|   8|0x0000000080800000, 0x0000000080800000, 0x0000000080900000|  0%| F|  |TAMS 0x0000000080800000, 0x0000000080800000| Untracked 
|   9|0x0000000080900000, 0x0000000080900000, 0x0000000080a00000|  0%| F|  |TAMS 0x0000000080900000, 0x0000000080900000| Untracked 
|  10|0x0000000080a00000, 0x0000000080a00000, 0x0000000080b00000|  0%| F|  |TAMS 0x0000000080a00000, 0x0000000080a00000| Untracked 
|  11|0x0000000080b00000, 0x0000000080b00000, 0x0000000080c00000|  0%| F|  |TAMS 0x0000000080b00000, 0x0000000080b00000| Untracked 
|  12|0x0000000080c00000, 0x0000000080c00000, 0x0000000080d00000|  0%| F|  |TAMS 0x0000000080c00000, 0x0000000080c00000| Untracked 
|  13|0x0000000080d00000, 0x0000000080d00000, 0x0000000080e00000|  0%| F|  |TAMS 0x0000000080d00000, 0x0000000080d00000| Untracked 
|  14|0x0000000080e00000, 0x0000000080e00000, 0x0000000080f00000|  0%| F|  |TAMS 0x0000000080e00000, 0x0000000080e00000| Untracked 
|  15|0x0000000080f00000, 0x0000000080f00000, 0x0000000081000000|  0%| F|  |TAMS 0x0000000080f00000, 0x0000000080f00000| Untracked 
|  16|0x0000000081000000, 0x0000000081000000, 0x0000000081100000|  0%| F|  |TAMS 0x0000000081000000, 0x0000000081000000| Untracked 
|  17|0x0000000081100000, 0x0000000081100000, 0x0000000081200000|  0%| F|  |TAMS 0x0000000081100000, 0x0000000081100000| Untracked 
|  18|0x0000000081200000, 0x0000000081200000, 0x0000000081300000|  0%| F|  |TAMS 0x0000000081200000, 0x0000000081200000| Untracked 
|  19|0x0000000081300000, 0x0000000081300000, 0x0000000081400000|  0%| F|  |TAMS 0x0000000081300000, 0x0000000081300000| Untracked 
|  20|0x0000000081400000, 0x0000000081400000, 0x0000000081500000|  0%| F|  |TAMS 0x0000000081400000, 0x0000000081400000| Untracked 
|  21|0x0000000081500000, 0x0000000081500000, 0x0000000081600000|  0%| F|  |TAMS 0x0000000081500000, 0x0000000081500000| Untracked 
|  22|0x0000000081600000, 0x0000000081600000, 0x0000000081700000|  0%| F|  |TAMS 0x0000000081600000, 0x0000000081600000| Untracked 
|  23|0x0000000081700000, 0x0000000081700000, 0x0000000081800000|  0%| F|  |TAMS 0x0000000081700000, 0x0000000081700000| Untracked 
|  24|0x0000000081800000, 0x0000000081800000, 0x0000000081900000|  0%| F|  |TAMS 0x0000000081800000, 0x0000000081800000| Untracked 
|  25|0x0000000081900000, 0x0000000081900000, 0x0000000081a00000|  0%| F|  |TAMS 0x0000000081900000, 0x0000000081900000| Untracked 
|  26|0x0000000081a00000, 0x0000000081a00000, 0x0000000081b00000|  0%| F|  |TAMS 0x0000000081a00000, 0x0000000081a00000| Untracked 
|  27|0x0000000081b00000, 0x0000000081b00000, 0x0000000081c00000|  0%| F|  |TAMS 0x0000000081b00000, 0x0000000081b00000| Untracked 
|  28|0x0000000081c00000, 0x0000000081c00000, 0x0000000081d00000|  0%| F|  |TAMS 0x0000000081c00000, 0x0000000081c00000| Untracked 
|  29|0x0000000081d00000, 0x0000000081d00000, 0x0000000081e00000|  0%| F|  |TAMS 0x0000000081d00000, 0x0000000081d00000| Untracked 
|  30|0x0000000081e00000, 0x0000000081e00000, 0x0000000081f00000|  0%| F|  |TAMS 0x0000000081e00000, 0x0000000081e00000| Untracked 
|  31|0x0000000081f00000, 0x0000000081f00000, 0x0000000082000000|  0%| F|  |TAMS 0x0000000081f00000, 0x0000000081f00000| Untracked 
|  32|0x0000000082000000, 0x0000000082000000, 0x0000000082100000|  0%| F|  |TAMS 0x0000000082000000, 0x0000000082000000| Untracked 
|  33|0x0000000082100000, 0x0000000082100000, 0x0000000082200000|  0%| F|  |TAMS 0x0000000082100000, 0x0000000082100000| Untracked 
|  34|0x0000000082200000, 0x0000000082200000, 0x0000000082300000|  0%| F|  |TAMS 0x0000000082200000, 0x0000000082200000| Untracked 
|  35|0x0000000082300000, 0x0000000082300000, 0x0000000082400000|  0%| F|  |TAMS 0x0000000082300000, 0x0000000082300000| Untracked 
|  36|0x0000000082400000, 0x0000000082400000, 0x0000000082500000|  0%| F|  |TAMS 0x0000000082400000, 0x0000000082400000| Untracked 
|  37|0x0000000082500000, 0x0000000082500000, 0x0000000082600000|  0%| F|  |TAMS 0x0000000082500000, 0x0000000082500000| Untracked 
|  38|0x0000000082600000, 0x0000000082600000, 0x0000000082700000|  0%| F|  |TAMS 0x0000000082600000, 0x0000000082600000| Untracked 
|  39|0x0000000082700000, 0x0000000082700000, 0x0000000082800000|  0%| F|  |TAMS 0x0000000082700000, 0x0000000082700000| Untracked 
|  40|0x0000000082800000, 0x0000000082800000, 0x0000000082900000|  0%| F|  |TAMS 0x0000000082800000, 0x0000000082800000| Untracked 
|  41|0x0000000082900000, 0x0000000082900000, 0x0000000082a00000|  0%| F|  |TAMS 0x0000000082900000, 0x0000000082900000| Untracked 
|  42|0x0000000082a00000, 0x0000000082a00000, 0x0000000082b00000|  0%| F|  |TAMS 0x0000000082a00000, 0x0000000082a00000| Untracked 
|  43|0x0000000082b00000, 0x0000000082b00000, 0x0000000082c00000|  0%| F|  |TAMS 0x0000000082b00000, 0x0000000082b00000| Untracked 
|  44|0x0000000082c00000, 0x0000000082c00000, 0x0000000082d00000|  0%| F|  |TAMS 0x0000000082c00000, 0x0000000082c00000| Untracked 
|  45|0x0000000082d00000, 0x0000000082d00000, 0x0000000082e00000|  0%| F|  |TAMS 0x0000000082d00000, 0x0000000082d00000| Untracked 
|  46|0x0000000082e00000, 0x0000000082e00000, 0x0000000082f00000|  0%| F|  |TAMS 0x0000000082e00000, 0x0000000082e00000| Untracked 
|  47|0x0000000082f00000, 0x0000000082f00000, 0x0000000083000000|  0%| F|  |TAMS 0x0000000082f00000, 0x0000000082f00000| Untracked 
|  48|0x0000000083000000, 0x0000000083000000, 0x0000000083100000|  0%| F|  |TAMS 0x0000000083000000, 0x0000000083000000| Untracked 
|  49|0x0000000083100000, 0x0000000083100000, 0x0000000083200000|  0%| F|  |TAMS 0x0000000083100000, 0x0000000083100000| Untracked 
|  50|0x0000000083200000, 0x0000000083200000, 0x0000000083300000|  0%| F|  |TAMS 0x0000000083200000, 0x0000000083200000| Untracked 
|  51|0x0000000083300000, 0x0000000083300000, 0x0000000083400000|  0%| F|  |TAMS 0x0000000083300000, 0x0000000083300000| Untracked 
|  52|0x0000000083400000, 0x0000000083400000, 0x0000000083500000|  0%| F|  |TAMS 0x0000000083400000, 0x0000000083400000| Untracked 
|  53|0x0000000083500000, 0x0000000083500000, 0x0000000083600000|  0%| F|  |TAMS 0x0000000083500000, 0x0000000083500000| Untracked 
|  54|0x0000000083600000, 0x0000000083600000, 0x0000000083700000|  0%| F|  |TAMS 0x0000000083600000, 0x0000000083600000| Untracked 
|  55|0x0000000083700000, 0x0000000083700000, 0x0000000083800000|  0%| F|  |TAMS 0x0000000083700000, 0x0000000083700000| Untracked 
|  56|0x0000000083800000, 0x0000000083800000, 0x0000000083900000|  0%| F|  |TAMS 0x0000000083800000, 0x0000000083800000| Untracked 
|  57|0x0000000083900000, 0x0000000083900000, 0x0000000083a00000|  0%| F|  |TAMS 0x0000000083900000, 0x0000000083900000| Untracked 
|  58|0x0000000083a00000, 0x0000000083a00000, 0x0000000083b00000|  0%| F|  |TAMS 0x0000000083a00000, 0x0000000083a00000| Untracked 
|  59|0x0000000083b00000, 0x0000000083b00000, 0x0000000083c00000|  0%| F|  |TAMS 0x0000000083b00000, 0x0000000083b00000| Untracked 
|  60|0x0000000083c00000, 0x0000000083c00000, 0x0000000083d00000|  0%| F|  |TAMS 0x0000000083c00000, 0x0000000083c00000| Untracked 
|  61|0x0000000083d00000, 0x0000000083d00000, 0x0000000083e00000|  0%| F|  |TAMS 0x0000000083d00000, 0x0000000083d00000| Untracked 
|  62|0x0000000083e00000, 0x0000000083e00000, 0x0000000083f00000|  0%| F|  |TAMS 0x0000000083e00000, 0x0000000083e00000| Untracked 
|  63|0x0000000083f00000, 0x0000000083f00000, 0x0000000084000000|  0%| F|  |TAMS 0x0000000083f00000, 0x0000000083f00000| Untracked 
|  64|0x0000000084000000, 0x0000000084000000, 0x0000000084100000|  0%| F|  |TAMS 0x0000000084000000, 0x0000000084000000| Untracked 
|  65|0x0000000084100000, 0x0000000084100000, 0x0000000084200000|  0%| F|  |TAMS 0x0000000084100000, 0x0000000084100000| Untracked 
|  66|0x0000000084200000, 0x0000000084200000, 0x0000000084300000|  0%| F|  |TAMS 0x0000000084200000, 0x0000000084200000| Untracked 
|  67|0x0000000084300000, 0x0000000084300000, 0x0000000084400000|  0%| F|  |TAMS 0x0000000084300000, 0x0000000084300000| Untracked 
|  68|0x0000000084400000, 0x0000000084400000, 0x0000000084500000|  0%| F|  |TAMS 0x0000000084400000, 0x0000000084400000| Untracked 
|  69|0x0000000084500000, 0x0000000084500000, 0x0000000084600000|  0%| F|  |TAMS 0x0000000084500000, 0x0000000084500000| Untracked 
|  70|0x0000000084600000, 0x0000000084600000, 0x0000000084700000|  0%| F|  |TAMS 0x0000000084600000, 0x0000000084600000| Untracked 
|  71|0x0000000084700000, 0x0000000084700000, 0x0000000084800000|  0%| F|  |TAMS 0x0000000084700000, 0x0000000084700000| Untracked 
|  72|0x0000000084800000, 0x0000000084800000, 0x0000000084900000|  0%| F|  |TAMS 0x0000000084800000, 0x0000000084800000| Untracked 
|  73|0x0000000084900000, 0x0000000084900000, 0x0000000084a00000|  0%| F|  |TAMS 0x0000000084900000, 0x0000000084900000| Untracked 
|  74|0x0000000084a00000, 0x0000000084a00000, 0x0000000084b00000|  0%| F|  |TAMS 0x0000000084a00000, 0x0000000084a00000| Untracked 
|  75|0x0000000084b00000, 0x0000000084b00000, 0x0000000084c00000|  0%| F|  |TAMS 0x0000000084b00000, 0x0000000084b00000| Untracked 
|  76|0x0000000084c00000, 0x0000000084c00000, 0x0000000084d00000|  0%| F|  |TAMS 0x0000000084c00000, 0x0000000084c00000| Untracked 
|  77|0x0000000084d00000, 0x0000000084d00000, 0x0000000084e00000|  0%| F|  |TAMS 0x0000000084d00000, 0x0000000084d00000| Untracked 
|  78|0x0000000084e00000, 0x0000000084e00000, 0x0000000084f00000|  0%| F|  |TAMS 0x0000000084e00000, 0x0000000084e00000| Untracked 
|  79|0x0000000084f00000, 0x0000000084f00000, 0x0000000085000000|  0%| F|  |TAMS 0x0000000084f00000, 0x0000000084f00000| Untracked 
|  80|0x0000000085000000, 0x0000000085000000, 0x0000000085100000|  0%| F|  |TAMS 0x0000000085000000, 0x0000000085000000| Untracked 
|  81|0x0000000085100000, 0x0000000085100000, 0x0000000085200000|  0%| F|  |TAMS 0x0000000085100000, 0x0000000085100000| Untracked 
|  82|0x0000000085200000, 0x0000000085200000, 0x0000000085300000|  0%| F|  |TAMS 0x0000000085200000, 0x0000000085200000| Untracked 
|  83|0x0000000085300000, 0x0000000085300000, 0x0000000085400000|  0%| F|  |TAMS 0x0000000085300000, 0x0000000085300000| Untracked 
|  84|0x0000000085400000, 0x0000000085400000, 0x0000000085500000|  0%| F|  |TAMS 0x0000000085400000, 0x0000000085400000| Untracked 
|  85|0x0000000085500000, 0x0000000085500000, 0x0000000085600000|  0%| F|  |TAMS 0x0000000085500000, 0x0000000085500000| Untracked 
|  86|0x0000000085600000, 0x0000000085600000, 0x0000000085700000|  0%| F|  |TAMS 0x0000000085600000, 0x0000000085600000| Untracked 
|  87|0x0000000085700000, 0x0000000085700000, 0x0000000085800000|  0%| F|  |TAMS 0x0000000085700000, 0x0000000085700000| Untracked 
|  88|0x0000000085800000, 0x0000000085800000, 0x0000000085900000|  0%| F|  |TAMS 0x0000000085800000, 0x0000000085800000| Untracked 
|  89|0x0000000085900000, 0x0000000085900000, 0x0000000085a00000|  0%| F|  |TAMS 0x0000000085900000, 0x0000000085900000| Untracked 
|  90|0x0000000085a00000, 0x0000000085a00000, 0x0000000085b00000|  0%| F|  |TAMS 0x0000000085a00000, 0x0000000085a00000| Untracked 
|  91|0x0000000085b00000, 0x0000000085b00000, 0x0000000085c00000|  0%| F|  |TAMS 0x0000000085b00000, 0x0000000085b00000| Untracked 
|  92|0x0000000085c00000, 0x0000000085c00000, 0x0000000085d00000|  0%| F|  |TAMS 0x0000000085c00000, 0x0000000085c00000| Untracked 
|  93|0x0000000085d00000, 0x0000000085d00000, 0x0000000085e00000|  0%| F|  |TAMS 0x0000000085d00000, 0x0000000085d00000| Untracked 
|  94|0x0000000085e00000, 0x0000000085e00000, 0x0000000085f00000|  0%| F|  |TAMS 0x0000000085e00000, 0x0000000085e00000| Untracked 
|  95|0x0000000085f00000, 0x0000000085f00000, 0x0000000086000000|  0%| F|  |TAMS 0x0000000085f00000, 0x0000000085f00000| Untracked 
|  96|0x0000000086000000, 0x0000000086000000, 0x0000000086100000|  0%| F|  |TAMS 0x0000000086000000, 0x0000000086000000| Untracked 
|  97|0x0000000086100000, 0x0000000086100000, 0x0000000086200000|  0%| F|  |TAMS 0x0000000086100000, 0x0000000086100000| Untracked 
|  98|0x0000000086200000, 0x0000000086200000, 0x0000000086300000|  0%| F|  |TAMS 0x0000000086200000, 0x0000000086200000| Untracked 
|  99|0x0000000086300000, 0x0000000086300000, 0x0000000086400000|  0%| F|  |TAMS 0x0000000086300000, 0x0000000086300000| Untracked 
| 100|0x0000000086400000, 0x0000000086400000, 0x0000000086500000|  0%| F|  |TAMS 0x0000000086400000, 0x0000000086400000| Untracked 
| 101|0x0000000086500000, 0x0000000086500000, 0x0000000086600000|  0%| F|  |TAMS 0x0000000086500000, 0x0000000086500000| Untracked 
| 102|0x0000000086600000, 0x0000000086600000, 0x0000000086700000|  0%| F|  |TAMS 0x0000000086600000, 0x0000000086600000| Untracked 
| 103|0x0000000086700000, 0x0000000086700000, 0x0000000086800000|  0%| F|  |TAMS 0x0000000086700000, 0x0000000086700000| Untracked 
| 104|0x0000000086800000, 0x0000000086800000, 0x0000000086900000|  0%| F|  |TAMS 0x0000000086800000, 0x0000000086800000| Untracked 
| 105|0x0000000086900000, 0x0000000086900000, 0x0000000086a00000|  0%| F|  |TAMS 0x0000000086900000, 0x0000000086900000| Untracked 
| 106|0x0000000086a00000, 0x0000000086a00000, 0x0000000086b00000|  0%| F|  |TAMS 0x0000000086a00000, 0x0000000086a00000| Untracked 
| 107|0x0000000086b00000, 0x0000000086b00000, 0x0000000086c00000|  0%| F|  |TAMS 0x0000000086b00000, 0x0000000086b00000| Untracked 
| 108|0x0000000086c00000, 0x0000000086c00000, 0x0000000086d00000|  0%| F|  |TAMS 0x0000000086c00000, 0x0000000086c00000| Untracked 
| 109|0x0000000086d00000, 0x0000000086d00000, 0x0000000086e00000|  0%| F|  |TAMS 0x0000000086d00000, 0x0000000086d00000| Untracked 
| 110|0x0000000086e00000, 0x0000000086e00000, 0x0000000086f00000|  0%| F|  |TAMS 0x0000000086e00000, 0x0000000086e00000| Untracked 
| 111|0x0000000086f00000, 0x0000000086f00000, 0x0000000087000000|  0%| F|  |TAMS 0x0000000086f00000, 0x0000000086f00000| Untracked 
| 112|0x0000000087000000, 0x0000000087000000, 0x0000000087100000|  0%| F|  |TAMS 0x0000000087000000, 0x0000000087000000| Untracked 
| 113|0x0000000087100000, 0x0000000087100000, 0x0000000087200000|  0%| F|  |TAMS 0x0000000087100000, 0x0000000087100000| Untracked 
| 114|0x0000000087200000, 0x0000000087200000, 0x0000000087300000|  0%| F|  |TAMS 0x0000000087200000, 0x0000000087200000| Untracked 
| 115|0x0000000087300000, 0x0000000087300000, 0x0000000087400000|  0%| F|  |TAMS 0x0000000087300000, 0x0000000087300000| Untracked 
| 116|0x0000000087400000, 0x0000000087400000, 0x0000000087500000|  0%| F|  |TAMS 0x0000000087400000, 0x0000000087400000| Untracked 
| 117|0x0000000087500000, 0x0000000087500000, 0x0000000087600000|  0%| F|  |TAMS 0x0000000087500000, 0x0000000087500000| Untracked 
| 118|0x0000000087600000, 0x0000000087600000, 0x0000000087700000|  0%| F|  |TAMS 0x0000000087600000, 0x0000000087600000| Untracked 
| 119|0x0000000087700000, 0x0000000087700000, 0x0000000087800000|  0%| F|  |TAMS 0x0000000087700000, 0x0000000087700000| Untracked 
| 120|0x0000000087800000, 0x0000000087800000, 0x0000000087900000|  0%| F|  |TAMS 0x0000000087800000, 0x0000000087800000| Untracked 
| 121|0x0000000087900000, 0x0000000087900000, 0x0000000087a00000|  0%| F|  |TAMS 0x0000000087900000, 0x0000000087900000| Untracked 
| 122|0x0000000087a00000, 0x0000000087a00000, 0x0000000087b00000|  0%| F|  |TAMS 0x0000000087a00000, 0x0000000087a00000| Untracked 
| 123|0x0000000087b00000, 0x0000000087b00000, 0x0000000087c00000|  0%| F|  |TAMS 0x0000000087b00000, 0x0000000087b00000| Untracked 
| 124|0x0000000087c00000, 0x0000000087c00000, 0x0000000087d00000|  0%| F|  |TAMS 0x0000000087c00000, 0x0000000087c00000| Untracked 
| 125|0x0000000087d00000, 0x0000000087d00000, 0x0000000087e00000|  0%| F|  |TAMS 0x0000000087d00000, 0x0000000087d00000| Untracked 
| 126|0x0000000087e00000, 0x0000000087e00000, 0x0000000087f00000|  0%| F|  |TAMS 0x0000000087e00000, 0x0000000087e00000| Untracked 
| 127|0x0000000087f00000, 0x0000000087f00000, 0x0000000088000000|  0%| F|  |TAMS 0x0000000087f00000, 0x0000000087f00000| Untracked 
| 128|0x0000000088000000, 0x0000000088000000, 0x0000000088100000|  0%| F|  |TAMS 0x0000000088000000, 0x0000000088000000| Untracked 
| 129|0x0000000088100000, 0x0000000088100000, 0x0000000088200000|  0%| F|  |TAMS 0x0000000088100000, 0x0000000088100000| Untracked 
| 130|0x0000000088200000, 0x0000000088200000, 0x0000000088300000|  0%| F|  |TAMS 0x0000000088200000, 0x0000000088200000| Untracked 
| 131|0x0000000088300000, 0x0000000088300000, 0x0000000088400000|  0%| F|  |TAMS 0x0000000088300000, 0x0000000088300000| Untracked 
| 132|0x0000000088400000, 0x0000000088400000, 0x0000000088500000|  0%| F|  |TAMS 0x0000000088400000, 0x0000000088400000| Untracked 
| 133|0x0000000088500000, 0x0000000088500000, 0x0000000088600000|  0%| F|  |TAMS 0x0000000088500000, 0x0000000088500000| Untracked 
| 134|0x0000000088600000, 0x0000000088600000, 0x0000000088700000|  0%| F|  |TAMS 0x0000000088600000, 0x0000000088600000| Untracked 
| 135|0x0000000088700000, 0x0000000088700000, 0x0000000088800000|  0%| F|  |TAMS 0x0000000088700000, 0x0000000088700000| Untracked 
| 136|0x0000000088800000, 0x0000000088800000, 0x0000000088900000|  0%| F|  |TAMS 0x0000000088800000, 0x0000000088800000| Untracked 
| 137|0x0000000088900000, 0x0000000088900000, 0x0000000088a00000|  0%| F|  |TAMS 0x0000000088900000, 0x0000000088900000| Untracked 
| 138|0x0000000088a00000, 0x0000000088a00000, 0x0000000088b00000|  0%| F|  |TAMS 0x0000000088a00000, 0x0000000088a00000| Untracked 
| 139|0x0000000088b00000, 0x0000000088b00000, 0x0000000088c00000|  0%| F|  |TAMS 0x0000000088b00000, 0x0000000088b00000| Untracked 
| 140|0x0000000088c00000, 0x0000000088c00000, 0x0000000088d00000|  0%| F|  |TAMS 0x0000000088c00000, 0x0000000088c00000| Untracked 
| 141|0x0000000088d00000, 0x0000000088d00000, 0x0000000088e00000|  0%| F|  |TAMS 0x0000000088d00000, 0x0000000088d00000| Untracked 
| 142|0x0000000088e00000, 0x0000000088e00000, 0x0000000088f00000|  0%| F|  |TAMS 0x0000000088e00000, 0x0000000088e00000| Untracked 
| 143|0x0000000088f00000, 0x0000000088f00000, 0x0000000089000000|  0%| F|  |TAMS 0x0000000088f00000, 0x0000000088f00000| Untracked 
| 144|0x0000000089000000, 0x0000000089000000, 0x0000000089100000|  0%| F|  |TAMS 0x0000000089000000, 0x0000000089000000| Untracked 
| 145|0x0000000089100000, 0x0000000089100000, 0x0000000089200000|  0%| F|  |TAMS 0x0000000089100000, 0x0000000089100000| Untracked 
| 146|0x0000000089200000, 0x0000000089200000, 0x0000000089300000|  0%| F|  |TAMS 0x0000000089200000, 0x0000000089200000| Untracked 
| 147|0x0000000089300000, 0x0000000089300000, 0x0000000089400000|  0%| F|  |TAMS 0x0000000089300000, 0x0000000089300000| Untracked 
| 148|0x0000000089400000, 0x0000000089400000, 0x0000000089500000|  0%| F|  |TAMS 0x0000000089400000, 0x0000000089400000| Untracked 
| 149|0x0000000089500000, 0x0000000089500000, 0x0000000089600000|  0%| F|  |TAMS 0x0000000089500000, 0x0000000089500000| Untracked 
| 150|0x0000000089600000, 0x0000000089600000, 0x0000000089700000|  0%| F|  |TAMS 0x0000000089600000, 0x0000000089600000| Untracked 
| 151|0x0000000089700000, 0x0000000089700000, 0x0000000089800000|  0%| F|  |TAMS 0x0000000089700000, 0x0000000089700000| Untracked 
| 152|0x0000000089800000, 0x0000000089800000, 0x0000000089900000|  0%| F|  |TAMS 0x0000000089800000, 0x0000000089800000| Untracked 
| 153|0x0000000089900000, 0x0000000089900000, 0x0000000089a00000|  0%| F|  |TAMS 0x0000000089900000, 0x0000000089900000| Untracked 
| 154|0x0000000089a00000, 0x0000000089a00000, 0x0000000089b00000|  0%| F|  |TAMS 0x0000000089a00000, 0x0000000089a00000| Untracked 
| 155|0x0000000089b00000, 0x0000000089b00000, 0x0000000089c00000|  0%| F|  |TAMS 0x0000000089b00000, 0x0000000089b00000| Untracked 
| 156|0x0000000089c00000, 0x0000000089c00000, 0x0000000089d00000|  0%| F|  |TAMS 0x0000000089c00000, 0x0000000089c00000| Untracked 
| 157|0x0000000089d00000, 0x0000000089d00000, 0x0000000089e00000|  0%| F|  |TAMS 0x0000000089d00000, 0x0000000089d00000| Untracked 
| 158|0x0000000089e00000, 0x0000000089e00000, 0x0000000089f00000|  0%| F|  |TAMS 0x0000000089e00000, 0x0000000089e00000| Untracked 
| 159|0x0000000089f00000, 0x0000000089f00000, 0x000000008a000000|  0%| F|  |TAMS 0x0000000089f00000, 0x0000000089f00000| Untracked 
| 160|0x000000008a000000, 0x000000008a000000, 0x000000008a100000|  0%| F|  |TAMS 0x000000008a000000, 0x000000008a000000| Untracked 
| 161|0x000000008a100000, 0x000000008a100000, 0x000000008a200000|  0%| F|  |TAMS 0x000000008a100000, 0x000000008a100000| Untracked 
| 162|0x000000008a200000, 0x000000008a200000, 0x000000008a300000|  0%| F|  |TAMS 0x000000008a200000, 0x000000008a200000| Untracked 
| 163|0x000000008a300000, 0x000000008a300000, 0x000000008a400000|  0%| F|  |TAMS 0x000000008a300000, 0x000000008a300000| Untracked 
| 164|0x000000008a400000, 0x000000008a400000, 0x000000008a500000|  0%| F|  |TAMS 0x000000008a400000, 0x000000008a400000| Untracked 
| 165|0x000000008a500000, 0x000000008a500000, 0x000000008a600000|  0%| F|  |TAMS 0x000000008a500000, 0x000000008a500000| Untracked 
| 166|0x000000008a600000, 0x000000008a600000, 0x000000008a700000|  0%| F|  |TAMS 0x000000008a600000, 0x000000008a600000| Untracked 
| 167|0x000000008a700000, 0x000000008a700000, 0x000000008a800000|  0%| F|  |TAMS 0x000000008a700000, 0x000000008a700000| Untracked 
| 168|0x000000008a800000, 0x000000008a800000, 0x000000008a900000|  0%| F|  |TAMS 0x000000008a800000, 0x000000008a800000| Untracked 
| 169|0x000000008a900000, 0x000000008a900000, 0x000000008aa00000|  0%| F|  |TAMS 0x000000008a900000, 0x000000008a900000| Untracked 
| 170|0x000000008aa00000, 0x000000008aa00000, 0x000000008ab00000|  0%| F|  |TAMS 0x000000008aa00000, 0x000000008aa00000| Untracked 
| 171|0x000000008ab00000, 0x000000008ab00000, 0x000000008ac00000|  0%| F|  |TAMS 0x000000008ab00000, 0x000000008ab00000| Untracked 
| 172|0x000000008ac00000, 0x000000008ac00000, 0x000000008ad00000|  0%| F|  |TAMS 0x000000008ac00000, 0x000000008ac00000| Untracked 
| 173|0x000000008ad00000, 0x000000008ad00000, 0x000000008ae00000|  0%| F|  |TAMS 0x000000008ad00000, 0x000000008ad00000| Untracked 
| 174|0x000000008ae00000, 0x000000008ae00000, 0x000000008af00000|  0%| F|  |TAMS 0x000000008ae00000, 0x000000008ae00000| Untracked 
| 175|0x000000008af00000, 0x000000008af00000, 0x000000008b000000|  0%| F|  |TAMS 0x000000008af00000, 0x000000008af00000| Untracked 
| 176|0x000000008b000000, 0x000000008b000000, 0x000000008b100000|  0%| F|  |TAMS 0x000000008b000000, 0x000000008b000000| Untracked 
| 177|0x000000008b100000, 0x000000008b100000, 0x000000008b200000|  0%| F|  |TAMS 0x000000008b100000, 0x000000008b100000| Untracked 
| 178|0x000000008b200000, 0x000000008b200000, 0x000000008b300000|  0%| F|  |TAMS 0x000000008b200000, 0x000000008b200000| Untracked 
| 179|0x000000008b300000, 0x000000008b300000, 0x000000008b400000|  0%| F|  |TAMS 0x000000008b300000, 0x000000008b300000| Untracked 
| 180|0x000000008b400000, 0x000000008b400000, 0x000000008b500000|  0%| F|  |TAMS 0x000000008b400000, 0x000000008b400000| Untracked 
| 181|0x000000008b500000, 0x000000008b500000, 0x000000008b600000|  0%| F|  |TAMS 0x000000008b500000, 0x000000008b500000| Untracked 
| 182|0x000000008b600000, 0x000000008b600000, 0x000000008b700000|  0%| F|  |TAMS 0x000000008b600000, 0x000000008b600000| Untracked 
| 183|0x000000008b700000, 0x000000008b700000, 0x000000008b800000|  0%| F|  |TAMS 0x000000008b700000, 0x000000008b700000| Untracked 
| 184|0x000000008b800000, 0x000000008b800000, 0x000000008b900000|  0%| F|  |TAMS 0x000000008b800000, 0x000000008b800000| Untracked 
| 185|0x000000008b900000, 0x000000008b900000, 0x000000008ba00000|  0%| F|  |TAMS 0x000000008b900000, 0x000000008b900000| Untracked 
| 186|0x000000008ba00000, 0x000000008ba00000, 0x000000008bb00000|  0%| F|  |TAMS 0x000000008ba00000, 0x000000008ba00000| Untracked 
| 187|0x000000008bb00000, 0x000000008bb00000, 0x000000008bc00000|  0%| F|  |TAMS 0x000000008bb00000, 0x000000008bb00000| Untracked 
| 188|0x000000008bc00000, 0x000000008bc00000, 0x000000008bd00000|  0%| F|  |TAMS 0x000000008bc00000, 0x000000008bc00000| Untracked 
| 189|0x000000008bd00000, 0x000000008bd00000, 0x000000008be00000|  0%| F|  |TAMS 0x000000008bd00000, 0x000000008bd00000| Untracked 
| 190|0x000000008be00000, 0x000000008be00000, 0x000000008bf00000|  0%| F|  |TAMS 0x000000008be00000, 0x000000008be00000| Untracked 
| 191|0x000000008bf00000, 0x000000008bf00000, 0x000000008c000000|  0%| F|  |TAMS 0x000000008bf00000, 0x000000008bf00000| Untracked 
| 192|0x000000008c000000, 0x000000008c000000, 0x000000008c100000|  0%| F|  |TAMS 0x000000008c000000, 0x000000008c000000| Untracked 
| 193|0x000000008c100000, 0x000000008c100000, 0x000000008c200000|  0%| F|  |TAMS 0x000000008c100000, 0x000000008c100000| Untracked 
| 194|0x000000008c200000, 0x000000008c200000, 0x000000008c300000|  0%| F|  |TAMS 0x000000008c200000, 0x000000008c200000| Untracked 
| 195|0x000000008c300000, 0x000000008c300000, 0x000000008c400000|  0%| F|  |TAMS 0x000000008c300000, 0x000000008c300000| Untracked 
| 196|0x000000008c400000, 0x000000008c400000, 0x000000008c500000|  0%| F|  |TAMS 0x000000008c400000, 0x000000008c400000| Untracked 
| 197|0x000000008c500000, 0x000000008c500000, 0x000000008c600000|  0%| F|  |TAMS 0x000000008c500000, 0x000000008c500000| Untracked 
| 198|0x000000008c600000, 0x000000008c600000, 0x000000008c700000|  0%| F|  |TAMS 0x000000008c600000, 0x000000008c600000| Untracked 
| 199|0x000000008c700000, 0x000000008c700000, 0x000000008c800000|  0%| F|  |TAMS 0x000000008c700000, 0x000000008c700000| Untracked 
| 200|0x000000008c800000, 0x000000008c800000, 0x000000008c900000|  0%| F|  |TAMS 0x000000008c800000, 0x000000008c800000| Untracked 
| 201|0x000000008c900000, 0x000000008c900000, 0x000000008ca00000|  0%| F|  |TAMS 0x000000008c900000, 0x000000008c900000| Untracked 
| 202|0x000000008ca00000, 0x000000008ca00000, 0x000000008cb00000|  0%| F|  |TAMS 0x000000008ca00000, 0x000000008ca00000| Untracked 
| 203|0x000000008cb00000, 0x000000008cb00000, 0x000000008cc00000|  0%| F|  |TAMS 0x000000008cb00000, 0x000000008cb00000| Untracked 
| 204|0x000000008cc00000, 0x000000008cc00000, 0x000000008cd00000|  0%| F|  |TAMS 0x000000008cc00000, 0x000000008cc00000| Untracked 
| 205|0x000000008cd00000, 0x000000008cd00000, 0x000000008ce00000|  0%| F|  |TAMS 0x000000008cd00000, 0x000000008cd00000| Untracked 
| 206|0x000000008ce00000, 0x000000008ce00000, 0x000000008cf00000|  0%| F|  |TAMS 0x000000008ce00000, 0x000000008ce00000| Untracked 
| 207|0x000000008cf00000, 0x000000008cf00000, 0x000000008d000000|  0%| F|  |TAMS 0x000000008cf00000, 0x000000008cf00000| Untracked 
| 208|0x000000008d000000, 0x000000008d000000, 0x000000008d100000|  0%| F|  |TAMS 0x000000008d000000, 0x000000008d000000| Untracked 
| 209|0x000000008d100000, 0x000000008d100000, 0x000000008d200000|  0%| F|  |TAMS 0x000000008d100000, 0x000000008d100000| Untracked 
| 210|0x000000008d200000, 0x000000008d200000, 0x000000008d300000|  0%| F|  |TAMS 0x000000008d200000, 0x000000008d200000| Untracked 
| 211|0x000000008d300000, 0x000000008d300000, 0x000000008d400000|  0%| F|  |TAMS 0x000000008d300000, 0x000000008d300000| Untracked 
| 212|0x000000008d400000, 0x000000008d400000, 0x000000008d500000|  0%| F|  |TAMS 0x000000008d400000, 0x000000008d400000| Untracked 
| 213|0x000000008d500000, 0x000000008d500000, 0x000000008d600000|  0%| F|  |TAMS 0x000000008d500000, 0x000000008d500000| Untracked 
| 214|0x000000008d600000, 0x000000008d600000, 0x000000008d700000|  0%| F|  |TAMS 0x000000008d600000, 0x000000008d600000| Untracked 
| 215|0x000000008d700000, 0x000000008d700000, 0x000000008d800000|  0%| F|  |TAMS 0x000000008d700000, 0x000000008d700000| Untracked 
| 216|0x000000008d800000, 0x000000008d800000, 0x000000008d900000|  0%| F|  |TAMS 0x000000008d800000, 0x000000008d800000| Untracked 
| 217|0x000000008d900000, 0x000000008d900000, 0x000000008da00000|  0%| F|  |TAMS 0x000000008d900000, 0x000000008d900000| Untracked 
| 218|0x000000008da00000, 0x000000008da00000, 0x000000008db00000|  0%| F|  |TAMS 0x000000008da00000, 0x000000008da00000| Untracked 
| 219|0x000000008db00000, 0x000000008db00000, 0x000000008dc00000|  0%| F|  |TAMS 0x000000008db00000, 0x000000008db00000| Untracked 
| 220|0x000000008dc00000, 0x000000008dc00000, 0x000000008dd00000|  0%| F|  |TAMS 0x000000008dc00000, 0x000000008dc00000| Untracked 
| 221|0x000000008dd00000, 0x000000008dd00000, 0x000000008de00000|  0%| F|  |TAMS 0x000000008dd00000, 0x000000008dd00000| Untracked 
| 222|0x000000008de00000, 0x000000008de00000, 0x000000008df00000|  0%| F|  |TAMS 0x000000008de00000, 0x000000008de00000| Untracked 
| 223|0x000000008df00000, 0x000000008df00000, 0x000000008e000000|  0%| F|  |TAMS 0x000000008df00000, 0x000000008df00000| Untracked 
| 224|0x000000008e000000, 0x000000008e000000, 0x000000008e100000|  0%| F|  |TAMS 0x000000008e000000, 0x000000008e000000| Untracked 
| 225|0x000000008e100000, 0x000000008e100000, 0x000000008e200000|  0%| F|  |TAMS 0x000000008e100000, 0x000000008e100000| Untracked 
| 226|0x000000008e200000, 0x000000008e200000, 0x000000008e300000|  0%| F|  |TAMS 0x000000008e200000, 0x000000008e200000| Untracked 
| 227|0x000000008e300000, 0x000000008e300000, 0x000000008e400000|  0%| F|  |TAMS 0x000000008e300000, 0x000000008e300000| Untracked 
| 228|0x000000008e400000, 0x000000008e400000, 0x000000008e500000|  0%| F|  |TAMS 0x000000008e400000, 0x000000008e400000| Untracked 
| 229|0x000000008e500000, 0x000000008e500000, 0x000000008e600000|  0%| F|  |TAMS 0x000000008e500000, 0x000000008e500000| Untracked 
| 230|0x000000008e600000, 0x000000008e600000, 0x000000008e700000|  0%| F|  |TAMS 0x000000008e600000, 0x000000008e600000| Untracked 
| 231|0x000000008e700000, 0x000000008e700000, 0x000000008e800000|  0%| F|  |TAMS 0x000000008e700000, 0x000000008e700000| Untracked 
| 232|0x000000008e800000, 0x000000008e800000, 0x000000008e900000|  0%| F|  |TAMS 0x000000008e800000, 0x000000008e800000| Untracked 
| 233|0x000000008e900000, 0x000000008e900000, 0x000000008ea00000|  0%| F|  |TAMS 0x000000008e900000, 0x000000008e900000| Untracked 
| 234|0x000000008ea00000, 0x000000008ea00000, 0x000000008eb00000|  0%| F|  |TAMS 0x000000008ea00000, 0x000000008ea00000| Untracked 
| 235|0x000000008eb00000, 0x000000008eb00000, 0x000000008ec00000|  0%| F|  |TAMS 0x000000008eb00000, 0x000000008eb00000| Untracked 
| 236|0x000000008ec00000, 0x000000008ec00000, 0x000000008ed00000|  0%| F|  |TAMS 0x000000008ec00000, 0x000000008ec00000| Untracked 
| 237|0x000000008ed00000, 0x000000008ed00000, 0x000000008ee00000|  0%| F|  |TAMS 0x000000008ed00000, 0x000000008ed00000| Untracked 
| 238|0x000000008ee00000, 0x000000008ee00000, 0x000000008ef00000|  0%| F|  |TAMS 0x000000008ee00000, 0x000000008ee00000| Untracked 
| 239|0x000000008ef00000, 0x000000008ef00000, 0x000000008f000000|  0%| F|  |TAMS 0x000000008ef00000, 0x000000008ef00000| Untracked 
| 240|0x000000008f000000, 0x000000008f100000, 0x000000008f100000|100%| S|CS|TAMS 0x000000008f000000, 0x000000008f000000| Complete 
| 241|0x000000008f100000, 0x000000008f100000, 0x000000008f200000|  0%| F|  |TAMS 0x000000008f100000, 0x000000008f100000| Untracked 
| 242|0x000000008f200000, 0x000000008f200000, 0x000000008f300000|  0%| F|  |TAMS 0x000000008f200000, 0x000000008f200000| Untracked 
| 243|0x000000008f300000, 0x000000008f400000, 0x000000008f400000|100%| S|CS|TAMS 0x000000008f300000, 0x000000008f300000| Complete 
| 244|0x000000008f400000, 0x000000008f400000, 0x000000008f500000|  0%| F|  |TAMS 0x000000008f400000, 0x000000008f400000| Untracked 
| 245|0x000000008f500000, 0x000000008f500000, 0x000000008f600000|  0%| F|  |TAMS 0x000000008f500000, 0x000000008f500000| Untracked 
| 246|0x000000008f600000, 0x000000008f600000, 0x000000008f700000|  0%| F|  |TAMS 0x000000008f600000, 0x000000008f600000| Untracked 
| 247|0x000000008f700000, 0x000000008f700000, 0x000000008f800000|  0%| F|  |TAMS 0x000000008f700000, 0x000000008f700000| Untracked 
| 248|0x000000008f800000, 0x000000008f8e7640, 0x000000008f900000| 90%| E|  |TAMS 0x000000008f800000, 0x000000008f800000| Complete 
| 249|0x000000008f900000, 0x000000008fa00000, 0x000000008fa00000|100%| E|CS|TAMS 0x000000008f900000, 0x000000008f900000| Complete 
| 250|0x000000008fa00000, 0x000000008fb00000, 0x000000008fb00000|100%| E|CS|TAMS 0x000000008fa00000, 0x000000008fa00000| Complete 
| 251|0x000000008fb00000, 0x000000008fc00000, 0x000000008fc00000|100%| E|CS|TAMS 0x000000008fb00000, 0x000000008fb00000| Complete 
| 252|0x000000008fc00000, 0x000000008fd00000, 0x000000008fd00000|100%| E|CS|TAMS 0x000000008fc00000, 0x000000008fc00000| Complete 
| 253|0x000000008fd00000, 0x000000008fe00000, 0x000000008fe00000|100%| E|CS|TAMS 0x000000008fd00000, 0x000000008fd00000| Complete 
| 254|0x000000008fe00000, 0x000000008ff00000, 0x000000008ff00000|100%| E|CS|TAMS 0x000000008fe00000, 0x000000008fe00000| Complete 
| 255|0x000000008ff00000, 0x0000000090000000, 0x0000000090000000|100%| E|CS|TAMS 0x000000008ff00000, 0x000000008ff00000| Complete 

Card table byte_map: [0x0000023d961a0000,0x0000023d965a0000] _byte_map_base: 0x0000023d95da0000

Marking Bits (Prev, Next): (CMBitMap*) 0x0000023d836dd050, (CMBitMap*) 0x0000023d836dd010
 Prev Bits: [0x0000023d989a0000, 0x0000023d9a9a0000)
 Next Bits: [0x0000023d969a0000, 0x0000023d989a0000)

Polling page: 0x0000023d82de0000

Metaspace:

Usage:
  Non-class:     20.54 MB used.
      Class:      2.45 MB used.
       Both:     22.99 MB used.

Virtual space:
  Non-class space:       64.00 MB reserved,      20.69 MB ( 32%) committed,  1 nodes.
      Class space:        1.00 GB reserved,       2.56 MB ( <1%) committed,  1 nodes.
             Both:        1.06 GB reserved,      23.25 MB (  2%) committed. 

Chunk freelists:
   Non-Class:  10.43 MB
       Class:  13.45 MB
        Both:  23.88 MB

MaxMetaspaceSize: unlimited
CompressedClassSpaceSize: 1.00 GB
Initial GC threshold: 21.00 MB
Current GC threshold: 35.12 MB
CDS: off
MetaspaceReclaimPolicy: balanced
 - commit_granule_bytes: 65536.
 - commit_granule_words: 8192.
 - virtual_space_node_default_size: 8388608.
 - enlarge_chunks_in_place: 1.
 - new_chunks_are_fully_committed: 0.
 - uncommit_free_chunks: 1.
 - use_allocation_guard: 0.
 - handle_deallocations: 1.


Internal statistics:

num_allocs_failed_limit: 3.
num_arena_births: 282.
num_arena_deaths: 22.
num_vsnodes_births: 2.
num_vsnodes_deaths: 0.
num_space_committed: 372.
num_space_uncommitted: 0.
num_chunks_returned_to_freelist: 34.
num_chunks_taken_from_freelist: 664.
num_chunk_merges: 1.
num_chunk_splits: 379.
num_chunks_enlarged: 200.
num_inconsistent_stats: 0.

CodeHeap 'non-profiled nmethods': size=120000Kb used=620Kb max_used=620Kb free=119379Kb
 bounds [0x0000023d8e870000, 0x0000023d8eae0000, 0x0000023d95da0000]
CodeHeap 'profiled nmethods': size=120000Kb used=3747Kb max_used=3747Kb free=116252Kb
 bounds [0x0000023d86da0000, 0x0000023d87150000, 0x0000023d8e2d0000]
CodeHeap 'non-nmethods': size=5760Kb used=1235Kb max_used=1253Kb free=4524Kb
 bounds [0x0000023d8e2d0000, 0x0000023d8e540000, 0x0000023d8e870000]
 total_blobs=2483 nmethods=1937 adapters=460
 compilation: enabled
              stopped_count=0, restarted_count=0
 full_count=0

Compilation events (20 events):
Event: 16.442 Thread 0x0000023d9d144130 nmethod 1929 0x0000023d8713f910 code [0x0000023d8713fb00, 0x0000023d8713ffa8]
Event: 16.443 Thread 0x0000023d9d144130 1930   !   3       sun.security.jca.GetInstance::getInstance (130 bytes)
Event: 16.445 Thread 0x0000023d9d144130 nmethod 1930 0x0000023d87140190 code [0x0000023d871404c0, 0x0000023d871415f8]
Event: 16.445 Thread 0x0000023d9d144130 1931       3       sun.rmi.server.UnicastServerRef$HashToMethod_Maps$1::run (5 bytes)
Event: 16.446 Thread 0x0000023d9d144130 nmethod 1931 0x0000023d87141c10 code [0x0000023d87141e20, 0x0000023d871424e8]
Event: 16.446 Thread 0x0000023d9d144130 1933   !   3       sun.rmi.server.Util::computeMethodHash (161 bytes)
Event: 16.448 Thread 0x0000023d9d144130 nmethod 1933 0x0000023d87142790 code [0x0000023d87142aa0, 0x0000023d87143f88]
Event: 16.448 Thread 0x0000023d9d144130 1935       3       sun.rmi.server.Util::getMethodNameAndDescriptor (92 bytes)
Event: 16.448 Thread 0x0000023d9d144130 nmethod 1935 0x0000023d87144b10 code [0x0000023d87144dc0, 0x0000023d871458a8]
Event: 16.448 Thread 0x0000023d9d144130 1934       3       java.security.DigestOutputStream::<init> (16 bytes)
Event: 16.449 Thread 0x0000023d9d144130 nmethod 1934 0x0000023d87145c90 code [0x0000023d87145e60, 0x0000023d87146258]
Event: 16.449 Thread 0x0000023d9d144130 1936       3       java.security.DigestOutputStream::write (28 bytes)
Event: 16.449 Thread 0x0000023d9d144130 nmethod 1936 0x0000023d87146390 code [0x0000023d87146540, 0x0000023d87146838]
Event: 16.449 Thread 0x0000023d9d144130 1937   !   3       jdk.internal.reflect.GeneratedConstructorAccessor1::newInstance (49 bytes)
Event: 16.450 Thread 0x0000023d9d144130 nmethod 1937 0x0000023d87146990 code [0x0000023d87146bc0, 0x0000023d87147488]
Event: 16.450 Thread 0x0000023d9d144130 1932       3       sun.rmi.server.UnicastServerRef$HashToMethod_Maps$1::run (10 bytes)
Event: 16.450 Thread 0x0000023d9d144130 nmethod 1932 0x0000023d87147810 code [0x0000023d87147a20, 0x0000023d87148068]
Event: 16.453 Thread 0x0000023d9d144130 1938       3       java.lang.AbstractStringBuilder::<init> (63 bytes)
Event: 16.454 Thread 0x0000023d9d144130 nmethod 1938 0x0000023d87148310 code [0x0000023d87148500, 0x0000023d87148a98]
Event: 16.456 Thread 0x0000023d9d144130 1939       1       java.lang.reflect.Constructor::getModifiers (5 bytes)

GC Heap History (4 events):
Event: 4.522 GC heap before
{Heap before GC invocations=0 (full 0):
 garbage-first heap   total 262144K, used 14336K [0x0000000080000000, 0x0000000100000000)
  region size 1024K, 13 young (13312K), 0 survivors (0K)
 Metaspace       used 14034K, committed 14336K, reserved 1114112K
  class space    used 1460K, committed 1664K, reserved 1048576K
}
Event: 4.539 GC heap after
{Heap after GC invocations=1 (full 0):
 garbage-first heap   total 262144K, used 5701K [0x0000000080000000, 0x0000000100000000)
  region size 1024K, 2 young (2048K), 2 survivors (2048K)
 Metaspace       used 14034K, committed 14336K, reserved 1114112K
  class space    used 1460K, committed 1664K, reserved 1048576K
}
Event: 8.137 GC heap before
{Heap before GC invocations=1 (full 0):
 garbage-first heap   total 262144K, used 15941K [0x0000000080000000, 0x0000000100000000)
  region size 1024K, 14 young (14336K), 2 survivors (2048K)
 Metaspace       used 21211K, committed 21504K, reserved 1114112K
  class space    used 2281K, committed 2432K, reserved 1048576K
}
Event: 8.146 GC heap after
{Heap after GC invocations=2 (full 0):
 garbage-first heap   total 262144K, used 7727K [0x0000000080000000, 0x0000000100000000)
  region size 1024K, 2 young (2048K), 2 survivors (2048K)
 Metaspace       used 21211K, committed 21504K, reserved 1114112K
  class space    used 2281K, committed 2432K, reserved 1048576K
}

Dll operation events (1 events):
Event: 0.015 Loaded shared library C:\Program Files\JetBrains\PyCharm 2023.3.3\jbr\bin\java.dll

Deoptimization events (20 events):
Event: 8.277 Thread 0x0000023da232f4d0 DEOPT PACKING pc=0x0000023d8e8e57a4 sp=0x000000c8b09fd030
Event: 8.277 Thread 0x0000023da232f4d0 DEOPT UNPACKING pc=0x0000023d8e32699d sp=0x000000c8b09fcfd0 mode 2
Event: 8.375 Thread 0x0000023da232f4d0 Uncommon trap: trap_request=0xffffffc6 fr.pc=0x0000023d8e8ed020 relative=0x0000000000000260
Event: 8.375 Thread 0x0000023da232f4d0 Uncommon trap: reason=bimorphic_or_optimized_type_check action=maybe_recompile pc=0x0000023d8e8ed020 method=java.util.regex.Pattern$SliceI.match(Ljava/util/regex/Matcher;ILjava/lang/CharSequence;)Z @ 92 c2
Event: 8.375 Thread 0x0000023da232f4d0 DEOPT PACKING pc=0x0000023d8e8ed020 sp=0x000000c8b09fdca0
Event: 8.375 Thread 0x0000023da232f4d0 DEOPT UNPACKING pc=0x0000023d8e32699d sp=0x000000c8b09fdc48 mode 2
Event: 8.375 Thread 0x0000023da232f4d0 Uncommon trap: trap_request=0xffffffc6 fr.pc=0x0000023d8e8ed020 relative=0x0000000000000260
Event: 8.375 Thread 0x0000023da232f4d0 Uncommon trap: reason=bimorphic_or_optimized_type_check action=maybe_recompile pc=0x0000023d8e8ed020 method=java.util.regex.Pattern$SliceI.match(Ljava/util/regex/Matcher;ILjava/lang/CharSequence;)Z @ 92 c2
Event: 8.375 Thread 0x0000023da232f4d0 DEOPT PACKING pc=0x0000023d8e8ed020 sp=0x000000c8b09fdcf0
Event: 8.375 Thread 0x0000023da232f4d0 DEOPT UNPACKING pc=0x0000023d8e32699d sp=0x000000c8b09fdc98 mode 2
Event: 8.498 Thread 0x0000023da232f4d0 Uncommon trap: trap_request=0xffffff45 fr.pc=0x0000023d8e8eb35c relative=0x000000000000059c
Event: 8.498 Thread 0x0000023da232f4d0 Uncommon trap: reason=unstable_if action=reinterpret pc=0x0000023d8e8eb35c method=java.lang.AbstractStringBuilder.append(Ljava/lang/String;)Ljava/lang/AbstractStringBuilder; @ 1 c2
Event: 8.498 Thread 0x0000023da232f4d0 DEOPT PACKING pc=0x0000023d8e8eb35c sp=0x000000c8b09fdeb0
Event: 8.498 Thread 0x0000023da232f4d0 DEOPT UNPACKING pc=0x0000023d8e32699d sp=0x000000c8b09fde78 mode 2
Event: 15.127 Thread 0x0000023da232f4d0 Uncommon trap: trap_request=0xffffff45 fr.pc=0x0000023d8e8ba428 relative=0x0000000000004ae8
Event: 15.127 Thread 0x0000023da232f4d0 Uncommon trap: reason=unstable_if action=reinterpret pc=0x0000023d8e8ba428 method=jdk.internal.org.objectweb.asm.Frame.execute(IILjdk/internal/org/objectweb/asm/Symbol;Ljdk/internal/org/objectweb/asm/SymbolTable;)V @ 1 c2
Event: 15.127 Thread 0x0000023da232f4d0 DEOPT PACKING pc=0x0000023d8e8ba428 sp=0x000000c8b09fd6c0
Event: 15.127 Thread 0x0000023da232f4d0 DEOPT UNPACKING pc=0x0000023d8e32699d sp=0x000000c8b09fd658 mode 2
Event: 16.149 Thread 0x0000023da232f4d0 DEOPT PACKING pc=0x0000023d86e8db82 sp=0x000000c8b09fd8d0
Event: 16.150 Thread 0x0000023da232f4d0 DEOPT UNPACKING pc=0x0000023d8e327124 sp=0x000000c8b09fcd48 mode 0

Classes unloaded (11 events):
Event: 8.155 Thread 0x0000023d9ab6eb90 Unloading class 0x0000000100154400 'jdk/internal/reflect/GeneratedSerializationConstructorAccessor16'
Event: 8.155 Thread 0x0000023d9ab6eb90 Unloading class 0x0000000100153c00 'jdk/internal/reflect/GeneratedSerializationConstructorAccessor14'
Event: 8.155 Thread 0x0000023d9ab6eb90 Unloading class 0x0000000100153400 'jdk/internal/reflect/GeneratedSerializationConstructorAccessor12'
Event: 8.155 Thread 0x0000023d9ab6eb90 Unloading class 0x0000000100152800 'jdk/internal/reflect/GeneratedSerializationConstructorAccessor10'
Event: 8.155 Thread 0x0000023d9ab6eb90 Unloading class 0x0000000100152400 'jdk/internal/reflect/GeneratedSerializationConstructorAccessor8'
Event: 8.155 Thread 0x0000023d9ab6eb90 Unloading class 0x0000000100151c00 'jdk/internal/reflect/GeneratedSerializationConstructorAccessor6'
Event: 8.155 Thread 0x0000023d9ab6eb90 Unloading class 0x0000000100150c00 'jdk/internal/reflect/GeneratedSerializationConstructorAccessor2'
Event: 8.155 Thread 0x0000023d9ab6eb90 Unloading class 0x000000010014fc00 'java/lang/invoke/LambdaForm$MH+0x000000010014fc00'
Event: 8.155 Thread 0x0000023d9ab6eb90 Unloading class 0x000000010014f800 'java/lang/invoke/LambdaForm$MH+0x000000010014f800'
Event: 8.155 Thread 0x0000023d9ab6eb90 Unloading class 0x000000010014f000 'java/lang/invoke/LambdaForm$MH+0x000000010014f000'
Event: 8.155 Thread 0x0000023d9ab6eb90 Unloading class 0x000000010014e400 'java/lang/invoke/LambdaForm$MH+0x000000010014e400'

Classes redefined (0 events):
No events

Internal exceptions (20 events):
Event: 1.049 Thread 0x0000023d836a3950 Exception <a 'java/lang/NoSuchMethodError'{0x000000008fb28a58}: 'java.lang.Object java.lang.invoke.DirectMethodHandle$Holder.invokeStaticInit(java.lang.Object)'> (0x000000008fb28a58) 
thrown [s\src\hotspot\share\interpreter\linkResolver.cpp, line 771]
Event: 1.180 Thread 0x0000023d836a3950 Exception <a 'java/lang/NoSuchMethodError'{0x000000008fba54d8}: 'java.lang.Object java.lang.invoke.DirectMethodHandle$Holder.invokeStaticInit(java.lang.Object, int, int, int, int)'> (0x000000008fba54d8) 
thrown [s\src\hotspot\share\interpreter\linkResolver.cpp, line 771]
Event: 1.326 Thread 0x0000023d836a3950 Exception <a 'java/lang/NoSuchMethodError'{0x000000008fa89d60}: 'java.lang.Object java.lang.invoke.DirectMethodHandle$Holder.invokeStaticInit(java.lang.Object, java.lang.Object, int, int, int, int)'> (0x000000008fa89d60) 
thrown [s\src\hotspot\share\interpreter\linkResolver.cpp, line 771]
Event: 1.530 Thread 0x0000023d836a3950 Implicit null exception at 0x0000023d8e892edb to 0x0000023d8e8938dc
Event: 2.147 Thread 0x0000023d836a3950 Exception <a 'java/lang/NoSuchMethodError'{0x000000008f8d3f30}: 'java.lang.Object java.lang.invoke.Invokers$Holder.linkToTargetMethod(java.lang.Object, long, java.lang.Object)'> (0x000000008f8d3f30) 
thrown [s\src\hotspot\share\interpreter\linkResolver.cpp, line 771]
Event: 2.575 Thread 0x0000023da2331840 Exception <a 'java/lang/NoSuchMethodError'{0x000000008f666998}: static [B.<clinit>()V> (0x000000008f666998) 
thrown [s\src\hotspot\share\prims\jni.cpp, line 1108]
Event: 2.575 Thread 0x0000023da232f4d0 Exception <a 'java/lang/NoSuchMethodError'{0x000000008f6a9110}: static [B.<clinit>()V> (0x000000008f6a9110) 
thrown [s\src\hotspot\share\prims\jni.cpp, line 1108]
Event: 2.722 Thread 0x0000023da232f4d0 Exception <a 'java/lang/NoSuchMethodError'{0x000000008f6d6c60}: static [Ljava/rmi/server/ObjID;.<clinit>()V> (0x000000008f6d6c60) 
thrown [s\src\hotspot\share\prims\jni.cpp, line 1108]
Event: 2.739 Thread 0x0000023da232f4d0 Exception <a 'java/lang/NoSuchMethodError'{0x000000008f6de608}: 'void java.lang.invoke.DirectMethodHandle$Holder.invokeSpecial(java.lang.Object, java.lang.Object, java.lang.Object)'> (0x000000008f6de608) 
thrown [s\src\hotspot\share\interpreter\linkResolver.cpp, line 771]
Event: 2.739 Thread 0x0000023da232f4d0 Exception <a 'java/lang/NoSuchMethodError'{0x000000008f6e1b70}: 'void java.lang.invoke.Invokers$Holder.invoke_MT(java.lang.Object, java.lang.Object, java.lang.Object)'> (0x000000008f6e1b70) 
thrown [s\src\hotspot\share\interpreter\linkResolver.cpp, line 771]
Event: 2.744 Thread 0x0000023da232e090 Exception <a 'java/lang/InterruptedException'{0x000000008f500000}> (0x000000008f500000) 
thrown [s\src\hotspot\share\runtime\objectMonitor.cpp, line 1658]
Event: 2.752 Thread 0x0000023da232e090 Exception <a 'java/lang/NoSuchMethodError'{0x000000008f5089f8}: 'java.lang.Object java.lang.invoke.DirectMethodHandle$Holder.newInvokeSpecial(java.lang.Object, java.lang.Object, int, java.lang.Object, long)'> (0x000000008f5089f8) 
thrown [s\src\hotspot\share\interpreter\linkResolver.cpp, line 771]
Event: 4.443 Thread 0x0000023da232f4d0 Exception <a 'java/lang/NoSuchMethodError'{0x000000008f372490}: 'java.lang.Object java.lang.invoke.DirectMethodHandle$Holder.invokeInterface(java.lang.Object, java.lang.Object)'> (0x000000008f372490) 
thrown [s\src\hotspot\share\interpreter\linkResolver.cpp, line 771]
Event: 4.950 Thread 0x0000023da232f4d0 Exception <a 'java/lang/NoSuchMethodError'{0x000000008ffd1010}: 'java.lang.Object java.lang.invoke.DirectMethodHandle$Holder.invokeVirtual(java.lang.Object, java.lang.Object, java.lang.Object)'> (0x000000008ffd1010) 
thrown [s\src\hotspot\share\interpreter\linkResolver.cpp, line 771]
Event: 7.507 Thread 0x0000023da232f4d0 Exception <a 'sun/nio/fs/WindowsException'{0x000000008f7a5140}> (0x000000008f7a5140) 
thrown [s\src\hotspot\share\prims\jni.cpp, line 517]
Event: 7.588 Thread 0x0000023da232f4d0 Exception <a 'java/lang/NoSuchMethodError'{0x000000008f7c93b8}: 'int java.lang.invoke.DirectMethodHandle$Holder.invokeStaticInit(java.lang.Object, java.lang.Object, java.lang.Object, java.lang.Object)'> (0x000000008f7c93b8) 
thrown [s\src\hotspot\share\interpreter\linkResolver.cpp, line 771]
Event: 7.591 Thread 0x0000023da232f4d0 Exception <a 'java/lang/IncompatibleClassChangeError'{0x000000008f7d2808}: Found class java.lang.Object, but interface was expected> (0x000000008f7d2808) 
thrown [s\src\hotspot\share\interpreter\linkResolver.cpp, line 838]
Event: 7.593 Thread 0x0000023da232f4d0 Exception <a 'java/lang/NoSuchMethodError'{0x000000008f7d7cb0}: 'int java.lang.invoke.DirectMethodHandle$Holder.invokeStaticInit(java.lang.Object, java.lang.Object)'> (0x000000008f7d7cb0) 
thrown [s\src\hotspot\share\interpreter\linkResolver.cpp, line 771]
Event: 8.497 Thread 0x0000023da232f4d0 Implicit null exception at 0x0000023d8e8eadf2 to 0x0000023d8e8eb348
Event: 8.500 Thread 0x0000023da232f4d0 Exception <a 'java/lang/NoSuchMethodError'{0x000000008fc29ab8}: 'java.lang.Object java.lang.invoke.DirectMethodHandle$Holder.newInvokeSpecial(java.lang.Object, java.lang.Object, int)'> (0x000000008fc29ab8) 
thrown [s\src\hotspot\share\interpreter\linkResolver.cpp, line 771]

VM Operations (20 events):
Event: 7.559 Executing VM operation: HandshakeAllThreads
Event: 7.559 Executing VM operation: HandshakeAllThreads done
Event: 7.559 Executing VM operation: Cleanup
Event: 7.559 Executing VM operation: Cleanup done
Event: 8.133 Executing VM operation: HandshakeAllThreads
Event: 8.133 Executing VM operation: HandshakeAllThreads done
Event: 8.137 Executing VM operation: CollectForMetadataAllocation
Event: 8.146 Executing VM operation: CollectForMetadataAllocation done
Event: 8.153 Executing VM operation: G1PauseRemark
Event: 8.167 Executing VM operation: G1PauseRemark done
Event: 8.170 Executing VM operation: G1PauseCleanup
Event: 8.173 Executing VM operation: G1PauseCleanup done
Event: 9.174 Executing VM operation: Cleanup
Event: 9.175 Executing VM operation: Cleanup done
Event: 12.175 Executing VM operation: Cleanup
Event: 12.175 Executing VM operation: Cleanup done
Event: 15.178 Executing VM operation: Cleanup
Event: 15.178 Executing VM operation: Cleanup done
Event: 16.179 Executing VM operation: Cleanup
Event: 16.179 Executing VM operation: Cleanup done

Events (20 events):
Event: 8.490 loading class sun/util/resources/Bundles$BundleReference
Event: 8.490 loading class sun/util/resources/Bundles$CacheKeyReference
Event: 8.490 loading class sun/util/resources/Bundles$CacheKeyReference done
Event: 8.490 loading class sun/util/resources/Bundles$BundleReference done
Event: 8.490 loading class sun/util/locale/provider/LocaleResources$ResourceReference
Event: 8.490 loading class sun/util/locale/provider/LocaleResources$ResourceReference done
Event: 8.494 loading class java/time/format/DateTimeParseException
Event: 8.494 loading class java/time/DateTimeException
Event: 8.494 loading class java/time/DateTimeException done
Event: 8.494 loading class java/time/format/DateTimeParseException done
Event: 14.507 loading class jdk/internal/reflect/UnsafeQualifiedStaticObjectFieldAccessorImpl
Event: 14.508 loading class jdk/internal/reflect/UnsafeQualifiedStaticObjectFieldAccessorImpl done
Event: 14.510 loading class java/nio/charset/CharacterCodingException
Event: 14.511 loading class java/nio/charset/CharacterCodingException done
Event: 14.511 loading class java/util/stream/IntStream
Event: 14.513 loading class java/util/stream/IntStream done
Event: 15.854 loading class java/util/AbstractList$ListItr
Event: 15.855 loading class java/util/AbstractList$ListItr done
Event: 15.909 loading class java/util/function/UnaryOperator
Event: 15.909 loading class java/util/function/UnaryOperator done


Dynamic libraries:
0x00007ff6f30b0000 - 0x00007ff6f30ba000 	C:\Program Files\JetBrains\PyCharm 2023.3.3\jbr\bin\java.exe
0x00007ff898a60000 - 0x00007ff898e65000 	C:\Windows\SYSTEM32\ntdll.dll
0x00007ff898470000 - 0x00007ff89856e000 	C:\Windows\System32\xtajit64.dll
0x00007ff897600000 - 0x00007ff897763000 	C:\Windows\System32\KERNEL32.DLL
0x00007ff894050000 - 0x00007ff894693000 	C:\Windows\System32\KERNELBASE.dll
0x00007ff8939e0000 - 0x00007ff893ad6000 	C:\Windows\SYSTEM32\apphelp.dll
0x00007ff894930000 - 0x00007ff894b23000 	C:\Windows\System32\ucrtbase.dll
0x00007ff88ae10000 - 0x00007ff88ae27000 	C:\Program Files\JetBrains\PyCharm 2023.3.3\jbr\bin\jli.dll
0x00007ff8980c0000 - 0x00007ff898324000 	C:\Windows\System32\USER32.dll
0x00007ff893ff0000 - 0x00007ff89404c000 	C:\Windows\System32\win32u.dll
0x00007ff8722a0000 - 0x00007ff8722bb000 	C:\Program Files\JetBrains\PyCharm 2023.3.3\jbr\bin\VCRUNTIME140.dll
0x00007ff895510000 - 0x00007ff89556c000 	C:\Windows\System32\GDI32.dll
0x00007ff894c50000 - 0x00007ff894e3f000 	C:\Windows\System32\gdi32full.dll
0x00007ff8946a0000 - 0x00007ff8947e3000 	C:\Windows\System32\msvcp_win.dll
0x00007ff87aed0000 - 0x00007ff87b34a000 	C:\Windows\WinSxS\arm64_microsoft.windows.common-controls_6595b64144ccf1df_6.0.22621.3527_none_270e45f973872bba\COMCTL32.dll
0x00007ff897460000 - 0x00007ff8975a4000 	C:\Windows\System32\msvcrt.dll
0x00007ff8953e0000 - 0x00007ff895432000 	C:\Windows\System32\IMM32.DLL
0x00007ff8754d0000 - 0x00007ff8754dc000 	C:\Program Files\JetBrains\PyCharm 2023.3.3\jbr\bin\vcruntime140_1.dll
0x00007ff86ffa0000 - 0x00007ff87002d000 	C:\Program Files\JetBrains\PyCharm 2023.3.3\jbr\bin\msvcp140.dll
0x00007ff84fd10000 - 0x00007ff850992000 	C:\Program Files\JetBrains\PyCharm 2023.3.3\jbr\bin\server\jvm.dll
0x00007ff898330000 - 0x00007ff89846d000 	C:\Windows\System32\ADVAPI32.dll
0x00007ff896a50000 - 0x00007ff896b7f000 	C:\Windows\System32\sechost.dll
0x00007ff894c00000 - 0x00007ff894c4b000 	C:\Windows\System32\bcrypt.dll
0x00007ff897cd0000 - 0x00007ff897eef000 	C:\Windows\System32\RPCRT4.dll
0x00007ff88e800000 - 0x00007ff88e812000 	C:\Windows\SYSTEM32\WSOCK32.dll
0x00007ff895100000 - 0x00007ff8951c4000 	C:\Windows\System32\WS2_32.dll
0x00007ff893be0000 - 0x00007ff893c4b000 	C:\Windows\SYSTEM32\POWRPROF.dll
0x00007ff888e20000 - 0x00007ff888e7e000 	C:\Windows\SYSTEM32\WINMM.dll
0x00007ff87fba0000 - 0x00007ff87fbb5000 	C:\Windows\SYSTEM32\VERSION.dll
0x00007ff893bb0000 - 0x00007ff893bd2000 	C:\Windows\SYSTEM32\UMPDC.dll
0x00007ff892230000 - 0x00007ff89225d000 	C:\Windows\SYSTEM32\kernel.appcore.dll
0x00007ff88e7f0000 - 0x00007ff88e7fa000 	C:\Program Files\JetBrains\PyCharm 2023.3.3\jbr\bin\jimage.dll
0x00007ff87f780000 - 0x00007ff87fb9f000 	C:\Windows\SYSTEM32\DBGHELP.DLL
0x00007ff896dc0000 - 0x00007ff89745f000 	C:\Windows\System32\combase.dll
0x00007ff896c10000 - 0x00007ff896db1000 	C:\Windows\System32\OLEAUT32.dll
0x00007ff87ebb0000 - 0x00007ff87ec0c000 	C:\Windows\SYSTEM32\dbgcore.DLL
0x00007ff894b30000 - 0x00007ff894bf8000 	C:\Windows\System32\bcryptPrimitives.dll
0x00007ff88d490000 - 0x00007ff88d4b5000 	C:\Program Files\JetBrains\PyCharm 2023.3.3\jbr\bin\java.dll
0x00007ff88b4a0000 - 0x00007ff88b4b8000 	C:\Program Files\JetBrains\PyCharm 2023.3.3\jbr\bin\zip.dll
0x00007ff895990000 - 0x00007ff896a4e000 	C:\Windows\System32\SHELL32.dll
0x00007ff890280000 - 0x00007ff8915ef000 	C:\Windows\SYSTEM32\windows.storage.dll
0x00007ff890000000 - 0x00007ff890273000 	C:\Windows\SYSTEM32\wintypes.dll
0x00007ff8951d0000 - 0x00007ff8953c5000 	C:\Windows\System32\SHCORE.dll
0x00007ff898970000 - 0x00007ff898a17000 	C:\Windows\System32\shlwapi.dll
0x00007ff893f00000 - 0x00007ff893f3b000 	C:\Windows\SYSTEM32\profapi.dll
0x00007ff88b320000 - 0x00007ff88b339000 	C:\Program Files\JetBrains\PyCharm 2023.3.3\jbr\bin\net.dll
0x00007ff88afc0000 - 0x00007ff88b1cd000 	C:\Windows\SYSTEM32\WINHTTP.dll
0x00007ff892910000 - 0x00007ff8929d3000 	C:\Windows\system32\mswsock.dll
0x00007ff88b2b0000 - 0x00007ff88b2c6000 	C:\Program Files\JetBrains\PyCharm 2023.3.3\jbr\bin\nio.dll
0x00007ff891970000 - 0x00007ff8919c3000 	C:\Windows\SYSTEM32\IPHLPAPI.DLL
0x00007ff895700000 - 0x00007ff895710000 	C:\Windows\System32\NSI.dll
0x00007ff88a2a0000 - 0x00007ff88a2c8000 	C:\Windows\SYSTEM32\dhcpcsvc6.DLL
0x00007ff88a260000 - 0x00007ff88a29c000 	C:\Windows\SYSTEM32\dhcpcsvc.DLL
0x00007ff8919d0000 - 0x00007ff891b80000 	C:\Windows\SYSTEM32\DNSAPI.dll
0x00007ff892dd0000 - 0x00007ff892e02000 	C:\Windows\SYSTEM32\CRYPTSP.dll
0x00007ff892160000 - 0x00007ff8921c3000 	C:\Windows\system32\rsaenh.dll
0x00007ff892ac0000 - 0x00007ff892b0e000 	C:\Windows\SYSTEM32\USERENV.dll
0x00007ff892e10000 - 0x00007ff892e24000 	C:\Windows\SYSTEM32\CRYPTBASE.dll
0x00007ff87ac10000 - 0x00007ff87ac17000 	C:\Program Files\JetBrains\PyCharm 2023.3.3\jbr\bin\rmi.dll
0x00007ff887680000 - 0x00007ff887692000 	C:\Windows\System32\rasadhlp.dll
0x00007ff886b30000 - 0x00007ff886c1b000 	C:\Windows\System32\fwpuclnt.dll
0x00007ff88b2a0000 - 0x00007ff88b2ae000 	C:\Program Files\JetBrains\PyCharm 2023.3.3\jbr\bin\sunmscapi.dll
0x00007ff893c70000 - 0x00007ff893ef5000 	C:\Windows\SYSTEM32\CRYPT32.dll
0x00007ff893070000 - 0x00007ff8930c3000 	C:\Windows\SYSTEM32\ncrypt.dll
0x00007ff893000000 - 0x00007ff893063000 	C:\Windows\SYSTEM32\NTASN1.dll

dbghelp: loaded successfully - version: 4.0.5 - missing functions: none
symbol engine: initialized successfully - sym options: 0x614 - pdb path: .;C:\Program Files\JetBrains\PyCharm 2023.3.3\jbr\bin;C:\Windows\SYSTEM32;C:\Windows\WinSxS\arm64_microsoft.windows.common-controls_6595b64144ccf1df_6.0.22621.3527_none_270e45f973872bba;C:\Program Files\JetBrains\PyCharm 2023.3.3\jbr\bin\server

VM Arguments:
jvm_args: -Djava.rmi.server.hostname=127.0.0.1 -Duser.timezone=UTC -Xmx2048m -Xms256m -Djdbc.classpath=C:\Program Files\JetBrains\PyCharm 2023.3.3\plugins\DatabaseTools\lib\jdbc-console.jar;C:\Users\jarrettplate\AppData\Roaming\JetBrains\PyCharm2023.3\jdbc-drivers\MySQL ConnectorJ\8.2.0\com\mysql\mysql-connector-j\8.2.0\mysql-connector-j-8.2.0.jar;C:\Users\jarrettplate\AppData\Roaming\JetBrains\PyCharm2023.3\jdbc-drivers\MySQL ConnectorJ\8.2.0\com\google\protobuf\protobuf-java\3.21.9\protobuf-java-3.21.9.jar --add-exports=java.desktop/sun.awt=ALL-UNNAMED --add-exports=java.desktop/java.awt.peer=ALL-UNNAMED --add-opens=java.desktop/java.awt=ALL-UNNAMED --add-opens=jdk.unsupported/sun.misc=ALL-UNNAMED --add-opens=java.base/java.nio=ALL-UNNAMED --add-opens=java.base/java.util=ALL-UNNAMED -Dfile.encoding=UTF-8 
java_command: com.intellij.database.remote.RemoteJdbcServer com.mysql.cj.jdbc.Driver
java_class_path (initial): C:\Program Files\JetBrains\PyCharm 2023.3.3\lib\util_rt.jar;C:\Program Files\JetBrains\PyCharm 2023.3.3\lib\util-8.jar;C:\Program Files\JetBrains\PyCharm 2023.3.3\lib\groovy.jar;C:\Program Files\JetBrains\PyCharm 2023.3.3\plugins\DatabaseTools\lib\jdbc-console.jar;C:\Program Files\JetBrains\PyCharm 2023.3.3\plugins\grid-core-impl\lib\jdbc-console-types.jar;C:\Program Files\JetBrains\PyCharm 2023.3.3\lib\util.jar
Launcher Type: SUN_STANDARD

[Global flags]
     intx CICompilerCount                          = 3                                         {product} {ergonomic}
     uint ConcGCThreads                            = 1                                         {product} {ergonomic}
     uint G1ConcRefinementThreads                  = 4                                         {product} {ergonomic}
   size_t G1HeapRegionSize                         = 1048576                                   {product} {ergonomic}
    uintx GCDrainStackTargetSize                   = 64                                        {product} {ergonomic}
   size_t InitialHeapSize                          = 268435456                                 {product} {command line}
   size_t MarkStackSize                            = 4194304                                   {product} {ergonomic}
   size_t MaxHeapSize                              = 2147483648                                {product} {command line}
   size_t MaxNewSize                               = 1287651328                                {product} {ergonomic}
   size_t MinHeapDeltaBytes                        = 1048576                                   {product} {ergonomic}
   size_t MinHeapSize                              = 268435456                                 {product} {command line}
    uintx NonNMethodCodeHeapSize                   = 5832780                                {pd product} {ergonomic}
    uintx NonProfiledCodeHeapSize                  = 122912730                              {pd product} {ergonomic}
    uintx ProfiledCodeHeapSize                     = 122912730                              {pd product} {ergonomic}
    uintx ReservedCodeCacheSize                    = 251658240                              {pd product} {ergonomic}
     bool SegmentedCodeCache                       = true                                      {product} {ergonomic}
   size_t SoftMaxHeapSize                          = 2147483648                             {manageable} {ergonomic}
     bool UseCompressedClassPointers               = true                           {product lp64_product} {ergonomic}
     bool UseCompressedOops                        = true                           {product lp64_product} {ergonomic}
     bool UseG1GC                                  = true                                      {product} {ergonomic}
     bool UseLargePagesIndividualAllocation        = false                                  {pd product} {ergonomic}

Logging:
Log output configuration:
 #0: stdout all=warning uptime,level,tags
 #1: stderr all=off uptime,level,tags

Environment Variables:
PATH=C:\Program Files\Parallels\Parallels Tools\Applications;C:\Windows\system32;C:\Windows;C:\Windows\System32\Wbem;C:\Windows\System32\WindowsPowerShell\v1.0\;C:\Windows\System32\OpenSSH\;C:\Program Files\Microsoft SQL Server\150\Tools\Binn\;C:\Program Files\Microsoft SQL Server\Client SDK\ODBC\170\Tools\Binn\;C:\Program Files\dotnet\;C:\Program Files\Git\cmd;C:\Program Files\nodejs\;C:\Users\jarrettplate\AppData\Local\Programs\Python\Python312\Scripts\;C:\Users\jarrettplate\AppData\Local\Programs\Python\Python312\;C:\Users\jarrettplate\AppData\Local\Programs\Python\Launcher\;C:\Users\jarrettplate\AppData\Local\Microsoft\WindowsApps;C:\Users\jarrettplate\.dotnet\tools;C:\Users\jarrettplate\AppData\Local\GitHubDesktop\bin;C:\Program Files\JetBrains\PyCharm 2023.3.3\bin;;C:\Program Files\JetBrains\JetBrains Rider 2023.3.3\bin;;C:\Users\jarrettplate\AppData\Local\Programs\Microsoft VS Code\bin;C:\Users\jarrettplate\AppData\Roaming\npm;C:\Program Files\JetBrains\DataGrip 2023.3.4\bin;
USERNAME=jarrettplate
OS=Windows_NT
PROCESSOR_IDENTIFIER=ARMv8 (64-bit) Family 8 Model 0 Revision   0,  
TMP=C:\Users\JARRET~1\AppData\Local\Temp
TEMP=C:\Users\JARRET~1\AppData\Local\Temp



Periodic native trim disabled

JNI global refs:
JNI global refs: 16, weak refs: 0

JNI global refs memory usage: 843, weak refs: 841

OOME stack traces (most recent first):
Classloader memory used:
Loader bootstrap                                                                       : 2323K
Loader com.intellij.database.remote.jdbc.impl.JdbcClassLoader$JdbcClassLoaderImpl      : 323K
Loader jdk.internal.loader.ClassLoaders$AppClassLoader                                 : 197K
Loader jdk.internal.loader.ClassLoaders$PlatformClassLoader                            : 90306B
Loader jdk.internal.reflect.DelegatingClassLoader                                      : 9897B


---------------  S Y S T E M  ---------------

OS:
 Windows 11 , 64 bit Build 22621 (10.0.22621.3527)
OS uptime: 0 days 6:43 hours

CPU: total 4 (initial active 4) (4 cores per cpu, 1 threads per core) family 15 model 4 stepping 10 microcode 0x0, cx8, cmov, fxsr, mmx, 3dnowpref, sse, sse2, sse3, ssse3, sse4.1, sse4.2, popcnt, tsc, tscinvbit, aes, clmul, clflush
Processor Information for all 4 processors :
  Max Mhz: 3200, Current Mhz: 3200, Mhz Limit: 3200

Memory: 4k page, system-wide physical 3066M (140M free)
TotalPageFile size 12282M (AvailPageFile size 6M)
current process WorkingSet (physical memory assigned to process): 117M, peak: 156M
current process commit charge ("private bytes"): 392M, peak: 394M

vm_info: OpenJDK 64-Bit Server VM (17.0.9+7-b1087.11) for windows-amd64 JRE (17.0.9+7-b1087.11), built on 2024-01-05 by "builduser" with MS VC++ 16.10 / 16.11 (VS2019)

END.
